2023-03-22T22:09:14.852753Z TRACE ThreadId(01) version: 1.2.0
2023-03-22T22:09:14.855078Z TRACE ThreadId(01) platform: windows
2023-03-22T22:09:14.855591Z TRACE ThreadId(01) checking for version macro in "addons/main/script_version.hpp"
2023-03-22T22:09:14.855812Z  INFO ThreadId(01) Config loaded for KAM 2.0.8.0
2023-03-22T22:09:14.856027Z TRACE ThreadId(01) using temporary folder: "C:\\Users\\jwise\\AppData\\Local\\Temp\\hemtt\\GitHub_KAM"
2023-03-22T22:09:14.856244Z TRACE ThreadId(01) using project folder: "C:\\GitHub\\KAM"
2023-03-22T22:09:14.856450Z TRACE ThreadId(01) using out folder: "C:\\GitHub\\KAM\\.hemttout"
2023-03-22T22:09:14.856922Z TRACE ThreadId(01) using build folder: "C:\\GitHub\\KAM\\.hemttout\\release"
2023-03-22T22:09:14.857235Z TRACE ThreadId(01) vfs overlay at root: "C:\\Users\\jwise\\AppData\\Local\\Temp\\hemtt\\GitHub_KAM\\output"
2023-03-22T22:09:14.857537Z TRACE ThreadId(01) vfs root: "C:\\GitHub\\KAM"
2023-03-22T22:09:14.858385Z  INFO ThreadId(01) Creating `build` version
2023-03-22T22:09:14.858601Z TRACE ThreadId(01) phase: init (start)
2023-03-22T22:09:14.861553Z TRACE ThreadId(01) link "C:\\Users\\jwise\\AppData\\Local\\Temp\\hemtt\\GitHub_KAM\\source\\x\\kat\\addons\\airway" => "C:\\GitHub\\KAM\\addons\\airway"
2023-03-22T22:09:14.870298Z TRACE ThreadId(01) link "C:\\Users\\jwise\\AppData\\Local\\Temp\\hemtt\\GitHub_KAM\\source\\x\\kat\\addons\\breathing" => "C:\\GitHub\\KAM\\addons\\breathing"
2023-03-22T22:09:14.879957Z TRACE ThreadId(01) link "C:\\Users\\jwise\\AppData\\Local\\Temp\\hemtt\\GitHub_KAM\\source\\x\\kat\\addons\\chemical" => "C:\\GitHub\\KAM\\addons\\chemical"
2023-03-22T22:09:14.886857Z TRACE ThreadId(01) link "C:\\Users\\jwise\\AppData\\Local\\Temp\\hemtt\\GitHub_KAM\\source\\x\\kat\\addons\\circulation" => "C:\\GitHub\\KAM\\addons\\circulation"
2023-03-22T22:09:14.894571Z TRACE ThreadId(01) link "C:\\Users\\jwise\\AppData\\Local\\Temp\\hemtt\\GitHub_KAM\\source\\x\\kat\\addons\\gui" => "C:\\GitHub\\KAM\\addons\\gui"
2023-03-22T22:09:14.901915Z TRACE ThreadId(01) link "C:\\Users\\jwise\\AppData\\Local\\Temp\\hemtt\\GitHub_KAM\\source\\x\\kat\\addons\\main" => "C:\\GitHub\\KAM\\addons\\main"
2023-03-22T22:09:14.909631Z TRACE ThreadId(01) link "C:\\Users\\jwise\\AppData\\Local\\Temp\\hemtt\\GitHub_KAM\\source\\x\\kat\\addons\\misc" => "C:\\GitHub\\KAM\\addons\\misc"
2023-03-22T22:09:14.916611Z TRACE ThreadId(01) link "C:\\Users\\jwise\\AppData\\Local\\Temp\\hemtt\\GitHub_KAM\\source\\x\\kat\\addons\\pharma" => "C:\\GitHub\\KAM\\addons\\pharma"
2023-03-22T22:09:14.923629Z TRACE ThreadId(01) link "C:\\Users\\jwise\\AppData\\Local\\Temp\\hemtt\\GitHub_KAM\\source\\x\\kat\\addons\\surgery" => "C:\\GitHub\\KAM\\addons\\surgery"
2023-03-22T22:09:14.930973Z TRACE ThreadId(01) link "C:\\Users\\jwise\\AppData\\Local\\Temp\\hemtt\\GitHub_KAM\\source\\x\\kat\\addons\\zeus" => "C:\\GitHub\\KAM\\addons\\zeus"
2023-03-22T22:09:14.937710Z TRACE ThreadId(01) link "C:\\Users\\jwise\\AppData\\Local\\Temp\\hemtt\\GitHub_KAM\\source\\x\\kat\\addons\\usaf" => "C:\\GitHub\\KAM\\optionals\\usaf"
2023-03-22T22:09:14.944499Z TRACE ThreadId(01) link "C:\\Users\\jwise\\AppData\\Local\\Temp\\hemtt\\GitHub_KAM\\source\\a3\\data_f" => "C:\\GitHub\\KAM\\include\\a3\\data_f"
2023-03-22T22:09:14.951235Z TRACE ThreadId(01) link "C:\\Users\\jwise\\AppData\\Local\\Temp\\hemtt\\GitHub_KAM\\source\\a3\\ui_f" => "C:\\GitHub\\KAM\\include\\a3\\ui_f"
2023-03-22T22:09:14.957996Z TRACE ThreadId(01) link "C:\\Users\\jwise\\AppData\\Local\\Temp\\hemtt\\GitHub_KAM\\source\\a3\\ui_f_curator" => "C:\\GitHub\\KAM\\include\\a3\\ui_f_curator"
2023-03-22T22:09:14.964738Z TRACE ThreadId(01) link "C:\\Users\\jwise\\AppData\\Local\\Temp\\hemtt\\GitHub_KAM\\source\\x\\cba" => "C:\\GitHub\\KAM\\include\\x\\cba"
2023-03-22T22:09:14.971124Z TRACE ThreadId(01) link "C:\\Users\\jwise\\AppData\\Local\\Temp\\hemtt\\GitHub_KAM\\source\\z\\ace" => "C:\\GitHub\\KAM\\include\\z\\ace"
2023-03-22T22:09:14.977422Z TRACE ThreadId(01) phase: init (Sign) (start)
2023-03-22T22:09:14.977524Z TRACE ThreadId(01) phase: init (Sign) (done)
2023-03-22T22:09:14.977611Z TRACE ThreadId(01) phase: init (sqf) (start)
2023-03-22T22:09:14.977714Z TRACE ThreadId(01) phase: init (sqf) (done)
2023-03-22T22:09:14.977776Z TRACE ThreadId(01) phase: init (Rapifier) (start)
2023-03-22T22:09:14.977849Z TRACE ThreadId(01) phase: init (Rapifier) (done)
2023-03-22T22:09:14.977928Z TRACE ThreadId(01) phase: init (Binarize) (start)
2023-03-22T22:09:14.978063Z TRACE ThreadId(01) phase: init (Binarize) (done)
2023-03-22T22:09:14.978174Z TRACE ThreadId(01) phase: init (Hooks) (start)
2023-03-22T22:09:14.978285Z TRACE ThreadId(01) phase: init (Hooks) (done)
2023-03-22T22:09:14.978374Z TRACE ThreadId(01) phase: init (ArmaScriptCompiler) (start)
2023-03-22T22:09:14.978448Z TRACE ThreadId(01) disabled
2023-03-22T22:09:14.978517Z TRACE ThreadId(01) phase: init (ArmaScriptCompiler) (done)
2023-03-22T22:09:14.978597Z TRACE ThreadId(01) phase: init (Files) (start)
2023-03-22T22:09:14.978684Z TRACE ThreadId(01) phase: init (Files) (done)
2023-03-22T22:09:14.978751Z TRACE ThreadId(01) phase: init (done)
2023-03-22T22:09:14.978827Z TRACE ThreadId(01) phase: check (start)
2023-03-22T22:09:14.978892Z TRACE ThreadId(01) phase: check (Sign) (start)
2023-03-22T22:09:14.978965Z TRACE ThreadId(01) phase: check (Sign) (done)
2023-03-22T22:09:14.979041Z TRACE ThreadId(01) phase: check (sqf) (start)
2023-03-22T22:09:14.989657Z DEBUG ThreadId(06) linting "/addons/airway/functions/fnc_updateInjuryList.sqf"
2023-03-22T22:09:14.989728Z DEBUG ThreadId(08) linting "/addons/airway/XEH_postInit.sqf"
2023-03-22T22:09:14.989797Z DEBUG ThreadId(14) linting "/addons/airway/functions/fnc_handlePuking.sqf"
2023-03-22T22:09:14.989990Z DEBUG ThreadId(07) linting "/addons/airway/functions/fnc_updateLogList.sqf"
2023-03-22T22:09:14.990121Z DEBUG ThreadId(09) linting "/addons/airway/functions/fnc_setUnconscious.sqf"
2023-03-22T22:09:14.990412Z DEBUG ThreadId(10) linting "/addons/airway/functions/fnc_displayPatientInformation.sqf"
2023-03-22T22:09:14.990638Z DEBUG ThreadId(12) linting "/addons/airway/functions/fnc_treatmentAdvanced_CancelRecoveryPositionLocal.sqf"
2023-03-22T22:09:14.990715Z DEBUG ThreadId(24) linting "/addons/airway/functions/fnc_treatmentAdvanced_turnaroundHead.sqf"
2023-03-22T22:09:14.990834Z DEBUG ThreadId(28) linting "/addons/airway/functions/fnc_treatmentAdvanced_Accuvac.sqf"
2023-03-22T22:09:14.991056Z DEBUG ThreadId(16) linting "/addons/airway/functions/fnc_treatmentAdvanced_AccuvacLocal.sqf"
2023-03-22T22:09:14.991361Z DEBUG ThreadId(15) linting "/addons/airway/XEH_init.sqf"
2023-03-22T22:09:14.991423Z DEBUG ThreadId(02) linting "/addons/airway/XEH_preInit.sqf"
2023-03-22T22:09:14.991612Z DEBUG ThreadId(04) linting "/addons/airway/functions/fnc_treatmentAdvanced_overstretchHead.sqf"
2023-03-22T22:09:14.992091Z DEBUG ThreadId(05) linting "/addons/airway/functions/fnc_treatmentAdvanced_RecoveryPositionLocal.sqf"
2023-03-22T22:09:14.992671Z DEBUG ThreadId(03) linting "/addons/airway/functions/fnc_checkRecovery.sqf"
2023-03-22T22:09:14.992876Z DEBUG ThreadId(17) linting "/addons/airway/functions/fnc_treatmentAdvanced_RecoveryPosition.sqf"
2023-03-22T22:09:14.993057Z DEBUG ThreadId(18) linting "/addons/airway/functions/fnc_treatmentAdvanced_CancelRecoveryPosition.sqf"
2023-03-22T22:09:14.993281Z DEBUG ThreadId(19) linting "/addons/airway/functions/fnc_handleAirway.sqf"
2023-03-22T22:09:14.993636Z DEBUG ThreadId(20) linting "/addons/airway/functions/fnc_init.sqf"
2023-03-22T22:09:14.993812Z DEBUG ThreadId(21) linting "/addons/airway/functions/fnc_checkAirway.sqf"
2023-03-22T22:09:14.993868Z DEBUG ThreadId(22) linting "/addons/airway/functions/fnc_treatmentAdvanced_airwayLocal.sqf"
2023-03-22T22:09:14.993992Z DEBUG ThreadId(23) linting "/addons/airway/functions/fnc_treatmentAdvanced_airway.sqf"
2023-03-22T22:09:15.493719Z DEBUG ThreadId(05) linting "/addons/breathing/XEH_init.sqf"
2023-03-22T22:09:15.493802Z DEBUG ThreadId(31) linting "/addons/breathing/functions/fnc_treatmentAdvanced_tensionpneumothorax.sqf"
2023-03-22T22:09:15.493891Z DEBUG ThreadId(03) linting "/addons/breathing/functions/fnc_fullHealLocal.sqf"
2023-03-22T22:09:15.494329Z DEBUG ThreadId(06) linting "/addons/breathing/XEH_preInit.sqf"
2023-03-22T22:09:15.494429Z DEBUG ThreadId(07) linting "/addons/breathing/functions/fnc_treatmentAdvanced_tensionpneumothoraxLocal.sqf"
2023-03-22T22:09:15.494840Z DEBUG ThreadId(08) linting "/addons/breathing/functions/fnc_treatmentAdvanced_hemopneumothoraxLocal.sqf"
2023-03-22T22:09:15.495143Z DEBUG ThreadId(09) linting "/addons/breathing/functions/fnc_init.sqf"
2023-03-22T22:09:15.495535Z DEBUG ThreadId(21) linting "/addons/breathing/functions/fnc_treatmentAdvanced_chestSeal.sqf"
2023-03-22T22:09:15.495874Z DEBUG ThreadId(22) linting "/addons/breathing/functions/fnc_treatmentAdvanced_hemopneumothorax.sqf"
2023-03-22T22:09:15.495974Z DEBUG ThreadId(23) linting "/addons/breathing/functions/fnc_handlePulmoHit.sqf"
2023-03-22T22:09:15.496707Z DEBUG ThreadId(24) linting "/addons/breathing/functions/fnc_lowSpO2pp.sqf"
2023-03-22T22:09:15.497428Z DEBUG ThreadId(10) linting "/addons/breathing/functions/fnc_treatmentAdvanced_removePulseoximeter.sqf"
2023-03-22T22:09:15.497816Z DEBUG ThreadId(12) linting "/addons/breathing/functions/fnc_treatmentAdvanced_chestSealLocal.sqf"
2023-03-22T22:09:15.498158Z DEBUG ThreadId(14) linting "/addons/breathing/functions/fnc_treatmentAdvanced_CyanosisLocal.sqf"
2023-03-22T22:09:15.498311Z DEBUG ThreadId(02) linting "/addons/breathing/XEH_postInit.sqf"
2023-03-22T22:09:15.498457Z DEBUG ThreadId(30) linting "/addons/breathing/functions/fnc_handleBreathing.sqf"
2023-03-22T22:09:15.498581Z DEBUG ThreadId(11) linting "/addons/breathing/functions/fnc_listenLungs.sqf"
2023-03-22T22:09:15.499023Z DEBUG ThreadId(04) linting "/addons/breathing/functions/fnc_treatmentAdvanced_Cyanosis.sqf"
2023-03-22T22:09:15.499252Z DEBUG ThreadId(13) linting "/addons/breathing/functions/fnc_treatmentAdvanced_pulseoximeterLocal.sqf"
2023-03-22T22:09:15.499347Z DEBUG ThreadId(32) linting "/addons/breathing/functions/fnc_treatmentAdvanced_pulseoximeter.sqf"
2023-03-22T22:09:15.641389Z DEBUG ThreadId(02) linting "/addons/chemical/XEH_preInit.sqf"
2023-03-22T22:09:15.641477Z DEBUG ThreadId(03) linting "/addons/chemical/functions/fnc_createSealAction.sqf"
2023-03-22T22:09:15.641539Z DEBUG ThreadId(04) linting "/addons/chemical/functions/fnc_canReplaceFilter.sqf"
2023-03-22T22:09:15.641634Z DEBUG ThreadId(18) linting "/addons/chemical/XEH_init.sqf"
2023-03-22T22:09:15.641726Z DEBUG ThreadId(15) linting "/addons/chemical/functions/fnc_checkGasMaskDur.sqf"
2023-03-22T22:09:15.641806Z DEBUG ThreadId(17) linting "/addons/chemical/XEH_postInit.sqf"
2023-03-22T22:09:15.642061Z DEBUG ThreadId(19) linting "/addons/chemical/functions/fnc_getList.sqf"
2023-03-22T22:09:15.642218Z DEBUG ThreadId(20) linting "/addons/chemical/functions/fnc_chemDetector.sqf"
2023-03-22T22:09:15.642354Z DEBUG ThreadId(28) linting "/addons/chemical/functions/fnc_init.sqf"
2023-03-22T22:09:15.642440Z DEBUG ThreadId(21) linting "/addons/chemical/functions/fnc_ui_gasModul.sqf"
2023-03-22T22:09:15.642547Z DEBUG ThreadId(23) linting "/addons/chemical/functions/fnc_getChemDetectorState.sqf"
2023-03-22T22:09:15.642616Z DEBUG ThreadId(27) linting "/addons/chemical/functions/fnc_spawnGasSmoke.sqf"
2023-03-22T22:09:15.642706Z DEBUG ThreadId(22) linting "/addons/chemical/functions/fnc_CASCreateGas.sqf"
2023-03-22T22:09:15.642861Z DEBUG ThreadId(24) linting "/addons/chemical/functions/fnc_addLoadAction.sqf"
2023-03-22T22:09:15.643031Z DEBUG ThreadId(29) linting "/addons/chemical/functions/fnc_changeGasMaskFilter.sqf"
2023-03-22T22:09:15.643189Z DEBUG ThreadId(30) linting "/addons/chemical/functions/fnc_csGrenadeThrownFuze.sqf"
2023-03-22T22:09:15.643267Z DEBUG ThreadId(31) linting "/addons/chemical/functions/fnc_hasGasmask.sqf"
2023-03-22T22:09:15.643346Z DEBUG ThreadId(32) linting "/addons/chemical/functions/fnc_throwGrenade.sqf"
2023-03-22T22:09:15.643588Z DEBUG ThreadId(16) linting "/addons/chemical/functions/fnc_initModule.sqf"
2023-03-22T22:09:15.643713Z DEBUG ThreadId(05) linting "/addons/chemical/functions/fnc_gasCheckLocal.sqf"
2023-03-22T22:09:15.643789Z DEBUG ThreadId(06) linting "/addons/chemical/functions/fnc_handleFired.sqf"
2023-03-22T22:09:15.643959Z DEBUG ThreadId(07) linting "/addons/chemical/functions/fnc_handleCSGas.sqf"
2023-03-22T22:09:15.644185Z DEBUG ThreadId(08) linting "/addons/chemical/functions/fnc_hasGasMaskON.sqf"
2023-03-22T22:09:15.644365Z DEBUG ThreadId(26) linting "/addons/chemical/functions/fnc_spawnSmoke.sqf"
2023-03-22T22:09:15.644477Z DEBUG ThreadId(09) linting "/addons/chemical/functions/fnc_gasCheck.sqf"
2023-03-22T22:09:15.644690Z DEBUG ThreadId(11) linting "/addons/chemical/functions/fnc_handleGasMaskDur.sqf"
2023-03-22T22:09:15.644778Z DEBUG ThreadId(10) linting "/addons/chemical/functions/fnc_canPutGasMask.sqf"
2023-03-22T22:09:15.645095Z DEBUG ThreadId(12) linting "/addons/chemical/functions/fnc_displayGasMaskDur.sqf"
2023-03-22T22:09:15.645181Z DEBUG ThreadId(14) linting "/addons/chemical/functions/fnc_updateBodyImage.sqf"
2023-03-22T22:09:15.645282Z DEBUG ThreadId(13) linting "/addons/chemical/functions/fnc_breathing.sqf"
2023-03-22T22:09:15.645375Z DEBUG ThreadId(33) linting "/addons/chemical/functions/fnc_giveUnitGasMask.sqf"
2023-03-22T22:09:15.645432Z DEBUG ThreadId(25) linting "/addons/chemical/functions/fnc_AttributeRadius.sqf"
2023-03-22T22:09:15.646086Z DEBUG ThreadId(27) linting "/addons/chemical/functions/fnc_GasTripEffect.sqf"
2023-03-22T22:09:15.955571Z DEBUG ThreadId(18) linting "/addons/chemical/functions/fnc_coughing.sqf"
2023-03-22T22:09:15.998585Z DEBUG ThreadId(25) linting "/addons/chemical/functions/fnc_gasmodule.sqf"
2023-03-22T22:09:16.000381Z DEBUG ThreadId(24) linting "/addons/chemical/functions/fnc_createZone.sqf"
2023-03-22T22:09:16.001064Z DEBUG ThreadId(02) linting "/addons/chemical/functions/fnc_gasAI.sqf"
2023-03-22T22:09:16.004895Z DEBUG ThreadId(33) linting "/addons/chemical/functions/fnc_afterWait.sqf"
2023-03-22T22:09:16.674631Z DEBUG ThreadId(02) linting "/addons/circulation/XEH_init.sqf"
2023-03-22T22:09:16.674727Z DEBUG ThreadId(03) linting "/addons/circulation/functions/fnc_updateInternalBleeding.sqf"
2023-03-22T22:09:16.674896Z DEBUG ThreadId(05) linting "/addons/circulation/functions/fnc_AEDProgress.sqf"
2023-03-22T22:09:16.674998Z DEBUG ThreadId(08) linting "/addons/circulation/XEH_preInit.sqf"
2023-03-22T22:09:16.675168Z DEBUG ThreadId(04) linting "/addons/circulation/functions/fnc_generateBloodType.sqf"
2023-03-22T22:09:16.675263Z DEBUG ThreadId(06) linting "/addons/circulation/functions/fnc_cprLocal.sqf"
2023-03-22T22:09:16.675336Z DEBUG ThreadId(22) linting "/addons/circulation/functions/fnc_init.sqf"
2023-03-22T22:09:16.675535Z DEBUG ThreadId(07) linting "/addons/circulation/XEH_postInit.sqf"
2023-03-22T22:09:16.675694Z DEBUG ThreadId(17) linting "/addons/circulation/functions/fnc_vehicleCheck.sqf"
2023-03-22T22:09:16.675795Z DEBUG ThreadId(21) linting "/addons/circulation/functions/fnc_returnAED_X.sqf"
2023-03-22T22:09:16.675960Z DEBUG ThreadId(18) linting "/addons/circulation/functions/fnc_wrongBloodTreatment.sqf"
2023-03-22T22:09:16.676049Z DEBUG ThreadId(30) linting "/addons/circulation/functions/fnc_attachAEDXVehicle.sqf"
2023-03-22T22:09:16.676133Z DEBUG ThreadId(19) linting "/addons/circulation/functions/fnc_onCloseDialog.sqf"
2023-03-22T22:09:16.676227Z DEBUG ThreadId(20) linting "/addons/circulation/functions/fnc_compatible.sqf"
2023-03-22T22:09:16.676336Z DEBUG ThreadId(24) linting "/addons/circulation/functions/fnc_AEDXCondition.sqf"
2023-03-22T22:09:16.676430Z DEBUG ThreadId(31) linting "/addons/circulation/functions/fnc_groupID.sqf"
2023-03-22T22:09:16.676540Z DEBUG ThreadId(26) linting "/addons/circulation/functions/fnc_AEDFailure.sqf"
2023-03-22T22:09:16.676610Z DEBUG ThreadId(09) linting "/addons/circulation/functions/fnc_cprSuccess.sqf"
2023-03-22T22:09:16.676776Z DEBUG ThreadId(32) linting "/addons/circulation/functions/fnc_canDraw.sqf"
2023-03-22T22:09:16.676867Z DEBUG ThreadId(27) linting "/addons/circulation/functions/fnc_AEDStart.sqf"
2023-03-22T22:09:16.676953Z DEBUG ThreadId(28) linting "/addons/circulation/functions/fnc_placeAED.sqf"
2023-03-22T22:09:16.677184Z DEBUG ThreadId(25) linting "/addons/circulation/functions/fnc_AEDStationCondition.sqf"
2023-03-22T22:09:16.677226Z DEBUG ThreadId(33) linting "/addons/circulation/functions/fnc_AED_sound.sqf"
2023-03-22T22:09:16.677292Z DEBUG ThreadId(29) linting "/addons/circulation/functions/fnc_drawBlood.sqf"
2023-03-22T22:09:16.677436Z DEBUG ThreadId(10) linting "/addons/circulation/functions/fnc_getDogtagData.sqf"
2023-03-22T22:09:16.677495Z DEBUG ThreadId(11) linting "/addons/circulation/functions/fnc_AEDSuccess.sqf"
2023-03-22T22:09:16.677622Z DEBUG ThreadId(13) linting "/addons/circulation/functions/fnc_attachAEDX.sqf"
2023-03-22T22:09:16.677671Z DEBUG ThreadId(12) linting "/addons/circulation/functions/fnc_treatmentAdvanced_IV.sqf"
2023-03-22T22:09:16.677744Z DEBUG ThreadId(15) linting "/addons/circulation/functions/fnc_handleTreatment.sqf"
2023-03-22T22:09:16.677802Z DEBUG ThreadId(14) linting "/addons/circulation/functions/fnc_removeLog.sqf"
2023-03-22T22:09:16.677951Z DEBUG ThreadId(16) linting "/addons/circulation/functions/fnc_treatment.sqf"
2023-03-22T22:09:16.678044Z DEBUG ThreadId(23) linting "/addons/circulation/functions/fnc_canCheckDogtag.sqf"
2023-03-22T22:09:16.778457Z DEBUG ThreadId(31) linting "/addons/circulation/functions/fnc_bloodType.sqf"
2023-03-22T22:09:16.779079Z DEBUG ThreadId(07) linting "/addons/circulation/functions/fnc_AEDanalyze.sqf"
2023-03-22T22:09:16.955849Z DEBUG ThreadId(02) linting "/addons/gui/XEH_preStart.sqf"
2023-03-22T22:09:16.955986Z DEBUG ThreadId(03) linting "/addons/gui/functions/fnc_onMenuOpen.sqf"
2023-03-22T22:09:16.956051Z DEBUG ThreadId(04) linting "/addons/gui/XEH_postInit.sqf"
2023-03-22T22:09:16.956571Z DEBUG ThreadId(05) linting "/addons/gui/functions/fnc_updateCategories.sqf"
2023-03-22T22:09:16.956923Z DEBUG ThreadId(06) linting "/addons/gui/XEH_preInit.sqf"
2023-03-22T22:09:16.956929Z DEBUG ThreadId(07) linting "/addons/gui/functions/fnc_updateActions.sqf"
2023-03-22T22:09:17.094997Z DEBUG ThreadId(02) linting "/addons/misc/XEH_postInit.sqf"
2023-03-22T22:09:17.095082Z DEBUG ThreadId(05) linting "/addons/misc/XEH_preInit.sqf"
2023-03-22T22:09:17.095139Z DEBUG ThreadId(03) linting "/addons/misc/functions/fnc_addIVbag.sqf"
2023-03-22T22:09:17.095203Z DEBUG ThreadId(04) linting "/addons/misc/functions/fnc_heliAddActionDeploy.sqf"
2023-03-22T22:09:17.095282Z DEBUG ThreadId(07) linting "/addons/misc/XEH_init.sqf"
2023-03-22T22:09:17.095394Z DEBUG ThreadId(06) linting "/addons/misc/functions/fnc_heliStretcherAttach.sqf"
2023-03-22T22:09:17.095482Z DEBUG ThreadId(21) linting "/addons/misc/functions/fnc_init.sqf"
2023-03-22T22:09:17.095560Z DEBUG ThreadId(08) linting "/addons/misc/functions/fnc_stretcher.sqf"
2023-03-22T22:09:17.095817Z DEBUG ThreadId(11) linting "/addons/misc/functions/fnc_handleRespawn.sqf"
2023-03-22T22:09:17.095907Z DEBUG ThreadId(09) linting "/addons/misc/functions/fnc_conditionIVstand.sqf"
2023-03-22T22:09:17.096014Z DEBUG ThreadId(12) linting "/addons/misc/functions/fnc_removeIVbag.sqf"
2023-03-22T22:09:17.096137Z DEBUG ThreadId(10) linting "/addons/misc/functions/fnc_actionLowerBy10.sqf"
2023-03-22T22:09:17.096229Z DEBUG ThreadId(13) linting "/addons/misc/functions/fnc_addActionRaise.sqf"
2023-03-22T22:09:17.096300Z DEBUG ThreadId(22) linting "/addons/misc/functions/fnc_conditionIV.sqf"
2023-03-22T22:09:17.096364Z DEBUG ThreadId(14) linting "/addons/misc/functions/fnc_attachStretcher.sqf"
2023-03-22T22:09:17.096445Z DEBUG ThreadId(16) linting "/addons/misc/functions/fnc_addPassengersActions.sqf"
2023-03-22T22:09:17.096588Z DEBUG ThreadId(23) linting "/addons/misc/functions/fnc_incompatibilityWarning.sqf"
2023-03-22T22:09:17.096681Z DEBUG ThreadId(30) linting "/addons/misc/functions/fnc_treatmentIV.sqf"
2023-03-22T22:09:17.207164Z DEBUG ThreadId(02) linting "/addons/pharma/XEH_postInit.sqf"
2023-03-22T22:09:17.207293Z DEBUG ThreadId(04) linting "/addons/pharma/functions/fnc_treatmentAdvanced_TXALocal.sqf"
2023-03-22T22:09:17.207616Z DEBUG ThreadId(03) linting "/addons/pharma/functions/fnc_treatmentAdvanced_Painkillers.sqf"
2023-03-22T22:09:17.207815Z DEBUG ThreadId(05) linting "/addons/pharma/functions/fnc_treatmentAdvanced_Fentanyl.sqf"
2023-03-22T22:09:17.207932Z DEBUG ThreadId(06) linting "/addons/pharma/functions/fnc_fentanylPP.sqf"
2023-03-22T22:09:17.208042Z DEBUG ThreadId(07) linting "/addons/pharma/XEH_init.sqf"
2023-03-22T22:09:17.208284Z DEBUG ThreadId(21) linting "/addons/pharma/functions/fnc_applyIV.sqf"
2023-03-22T22:09:17.208839Z DEBUG ThreadId(08) linting "/addons/pharma/functions/fnc_treatmentAdvanced_EACALocal.sqf"
2023-03-22T22:09:17.208999Z DEBUG ThreadId(10) linting "/addons/pharma/functions/fnc_treatmentAdvanced_Amiodarone.sqf"
2023-03-22T22:09:17.209206Z DEBUG ThreadId(22) linting "/addons/pharma/functions/fnc_init.sqf"
2023-03-22T22:09:17.209325Z DEBUG ThreadId(09) linting "/addons/pharma/functions/fnc_alphaAction.sqf"
2023-03-22T22:09:17.209529Z DEBUG ThreadId(11) linting "/addons/pharma/functions/fnc_pervitinPP.sqf"
2023-03-22T22:09:17.209690Z DEBUG ThreadId(30) linting "/addons/pharma/functions/fnc_treatmentAdvanced_ReorientationLocal.sqf"
2023-03-22T22:09:17.209766Z DEBUG ThreadId(31) linting "/addons/pharma/functions/fnc_checkIV.sqf"
2023-03-22T22:09:17.209894Z DEBUG ThreadId(12) linting "/addons/pharma/functions/fnc_fluidLocal.sqf"
2023-03-22T22:09:17.210029Z DEBUG ThreadId(13) linting "/addons/pharma/functions/fnc_retrieveIV.sqf"
2023-03-22T22:09:17.210295Z DEBUG ThreadId(14) linting "/addons/pharma/functions/fnc_treatmentAdvanced_Carbonate.sqf"
2023-03-22T22:09:17.210524Z DEBUG ThreadId(16) linting "/addons/pharma/functions/fnc_hasStableVitals.sqf"
2023-03-22T22:09:17.210656Z DEBUG ThreadId(15) linting "/addons/pharma/functions/fnc_treatmentAdvanced_TXA.sqf"
2023-03-22T22:09:17.210976Z DEBUG ThreadId(17) linting "/addons/pharma/functions/fnc_treatmentAdvanced_medication.sqf"
2023-03-22T22:09:17.211151Z DEBUG ThreadId(18) linting "/addons/pharma/functions/fnc_removeIV.sqf"
2023-03-22T22:09:17.211505Z DEBUG ThreadId(19) linting "/addons/pharma/functions/fnc_treatmentAdvanced_AmiodaroneLocal.sqf"
2023-03-22T22:09:17.211612Z DEBUG ThreadId(20) linting "/addons/pharma/functions/fnc_salineCheck.sqf"
2023-03-22T22:09:17.212296Z DEBUG ThreadId(23) linting "/addons/pharma/XEH_preInit.sqf"
2023-03-22T22:09:17.212661Z DEBUG ThreadId(24) linting "/addons/pharma/functions/fnc_inspectCatheter.sqf"
2023-03-22T22:09:17.212759Z DEBUG ThreadId(25) linting "/addons/pharma/functions/fnc_vehicleCheckDialysis.sqf"
2023-03-22T22:09:17.212915Z DEBUG ThreadId(26) linting "/addons/pharma/functions/fnc_removeItemfromMag.sqf"
2023-03-22T22:09:17.213046Z DEBUG ThreadId(27) linting "/addons/pharma/functions/fnc_getBloodVolumeChange.sqf"
2023-03-22T22:09:17.213301Z DEBUG ThreadId(28) linting "/addons/pharma/functions/fnc_treatmentAdvanced_CaffeineLocal.sqf"
2023-03-22T22:09:17.213504Z DEBUG ThreadId(29) linting "/addons/pharma/functions/fnc_treatmentAdvanced_Flumazenil.sqf"
2023-03-22T22:09:17.213875Z DEBUG ThreadId(32) linting "/addons/pharma/functions/fnc_treatmentAdvanced_Caffeine.sqf"
2023-03-22T22:09:17.214025Z DEBUG ThreadId(33) linting "/addons/pharma/functions/fnc_treatmentAdvanced_medicationLocal.sqf"
2023-03-22T22:09:17.297403Z DEBUG ThreadId(31) linting "/addons/pharma/functions/fnc_treatmentAdvanced_FlushLocal.sqf"
2023-03-22T22:09:17.298697Z DEBUG ThreadId(07) linting "/addons/pharma/functions/fnc_inspectBreath.sqf"
2023-03-22T22:09:17.301712Z DEBUG ThreadId(32) linting "/addons/pharma/functions/fnc_ketaminePP.sqf"
2023-03-22T22:09:17.302959Z DEBUG ThreadId(21) linting "/addons/pharma/functions/fnc_treatmentAdvanced_Pervitin.sqf"
2023-03-22T22:09:17.303172Z DEBUG ThreadId(26) linting "/addons/pharma/functions/fnc_treatmentAdvanced_Ketamine.sqf"
2023-03-22T22:09:17.304650Z DEBUG ThreadId(20) linting "/addons/pharma/functions/fnc_treatmentAdvanced_EACA.sqf"
2023-03-22T22:09:17.305227Z DEBUG ThreadId(24) linting "/addons/pharma/functions/fnc_treatmentAdvanced_Flush.sqf"
2023-03-22T22:09:17.306597Z DEBUG ThreadId(30) linting "/addons/pharma/functions/fnc_treatmentAdvanced_CarbonateLocal.sqf"
2023-03-22T22:09:17.306797Z DEBUG ThreadId(02) linting "/addons/pharma/functions/fnc_treatmentAdvanced_AtropineLocal.sqf"
2023-03-22T22:09:17.307278Z DEBUG ThreadId(18) linting "/addons/pharma/functions/fnc_treatmentAdvanced_Atropine.sqf"
2023-03-22T22:09:17.309324Z DEBUG ThreadId(25) linting "/addons/pharma/functions/fnc_treatmentAdvanced_Dialysis.sqf"
2023-03-22T22:09:17.315969Z DEBUG ThreadId(03) linting "/addons/pharma/functions/fnc_fluid.sqf"
2023-03-22T22:09:17.320573Z DEBUG ThreadId(28) linting "/addons/pharma/functions/fnc_treatmentAdvanced_PervitinLocal.sqf"
2023-03-22T22:09:17.324242Z DEBUG ThreadId(29) linting "/addons/pharma/functions/fnc_treatmentAdvanced_FlumazenilLocal.sqf"
2023-03-22T22:09:17.345008Z DEBUG ThreadId(22) linting "/addons/pharma/functions/fnc_treatmentAdvanced_Reorientation.sqf"
2023-03-22T22:09:17.345902Z DEBUG ThreadId(19) linting "/addons/pharma/functions/fnc_getBloodLoss.sqf"
2023-03-22T22:09:17.350103Z DEBUG ThreadId(11) linting "/addons/pharma/functions/fnc_treatmentAdvanced_Lorazepam.sqf"
2023-03-22T22:09:17.353673Z DEBUG ThreadId(16) linting "/addons/pharma/functions/fnc_treatmentAdvanced_LorazepamLocal.sqf"
2023-03-22T22:09:17.365480Z DEBUG ThreadId(06) linting "/addons/pharma/functions/fnc_treatmentAdvanced_Naloxone.sqf"
2023-03-22T22:09:17.369726Z DEBUG ThreadId(04) linting "/addons/pharma/functions/fnc_treatmentAdvanced_NaloxoneLocal.sqf"
2023-03-22T22:09:17.369967Z DEBUG ThreadId(10) linting "/addons/pharma/functions/fnc_treatmentAdvanced_DialysisLocal.sqf"
2023-03-22T22:09:17.547138Z DEBUG ThreadId(05) linting "/addons/surgery/XEH_init.sqf"
2023-03-22T22:09:17.547213Z DEBUG ThreadId(04) linting "/addons/surgery/functions/fnc_fractureCheck.sqf"
2023-03-22T22:09:17.547365Z DEBUG ThreadId(07) linting "/addons/surgery/XEH_preInit.sqf"
2023-03-22T22:09:17.547495Z DEBUG ThreadId(03) linting "/addons/surgery/functions/fnc_closedReductionLocal.sqf"
2023-03-22T22:09:17.547587Z DEBUG ThreadId(06) linting "/addons/surgery/functions/fnc_npwtTreatmentLocal.sqf"
2023-03-22T22:09:17.547660Z DEBUG ThreadId(02) linting "/addons/surgery/XEH_postInit.sqf"
2023-03-22T22:09:17.547740Z DEBUG ThreadId(18) linting "/addons/surgery/functions/fnc_openReductionCheck.sqf"
2023-03-22T22:09:17.547918Z DEBUG ThreadId(17) linting "/addons/surgery/functions/fnc_openReductionProgress.sqf"
2023-03-22T22:09:17.547997Z DEBUG ThreadId(19) linting "/addons/surgery/functions/fnc_debridementLocal.sqf"
2023-03-22T22:09:17.548071Z DEBUG ThreadId(21) linting "/addons/surgery/functions/fnc_npwtTreatment.sqf"
2023-03-22T22:09:17.548151Z DEBUG ThreadId(22) linting "/addons/surgery/functions/fnc_fractureSelect.sqf"
2023-03-22T22:09:17.548235Z DEBUG ThreadId(27) linting "/addons/surgery/functions/fnc_openReductionProgressLocal.sqf"
2023-03-22T22:09:17.548337Z DEBUG ThreadId(20) linting "/addons/surgery/functions/fnc_incisionLocal.sqf"
2023-03-22T22:09:17.548417Z DEBUG ThreadId(26) linting "/addons/surgery/functions/fnc_incision.sqf"
2023-03-22T22:09:17.548506Z DEBUG ThreadId(28) linting "/addons/surgery/functions/fnc_fractureSelectLocal.sqf"
2023-03-22T22:09:17.548585Z DEBUG ThreadId(23) linting "/addons/surgery/functions/fnc_closedReduction.sqf"
2023-03-22T22:09:17.548665Z DEBUG ThreadId(29) linting "/addons/surgery/functions/fnc_openReductionLocal.sqf"
2023-03-22T22:09:17.548758Z DEBUG ThreadId(24) linting "/addons/surgery/functions/fnc_init.sqf"
2023-03-22T22:09:17.548831Z DEBUG ThreadId(30) linting "/addons/surgery/functions/fnc_debridementCheck.sqf"
2023-03-22T22:09:17.548987Z DEBUG ThreadId(31) linting "/addons/surgery/functions/fnc_openReduction.sqf"
2023-03-22T22:09:17.549127Z DEBUG ThreadId(32) linting "/addons/surgery/functions/fnc_debridement.sqf"
2023-03-22T22:09:17.697589Z DEBUG ThreadId(02) linting "/addons/zeus/XEH_postInit.sqf"
2023-03-22T22:09:17.697643Z DEBUG ThreadId(05) linting "/addons/zeus/XEH_preInit.sqf"
2023-03-22T22:09:17.697717Z DEBUG ThreadId(04) linting "/addons/zeus/functions/fnc_menuPFH.sqf"
2023-03-22T22:09:17.697842Z DEBUG ThreadId(03) linting "/addons/zeus/functions/fnc_ui_changeAsystole.sqf"
2023-03-22T22:09:17.697999Z DEBUG ThreadId(07) linting "/addons/zeus/functions/fnc_emptyFunction.sqf"
2023-03-22T22:09:17.698073Z DEBUG ThreadId(10) linting "/addons/zeus/functions/fnc_zeusAttributes.sqf"
2023-03-22T22:09:17.698220Z DEBUG ThreadId(09) linting "/addons/zeus/functions/fnc_openMedicalMenu.sqf"
2023-03-22T22:09:17.698393Z DEBUG ThreadId(12) linting "/addons/zeus/functions/fnc_ui_manageAirway.sqf"
2023-03-22T22:09:17.698587Z DEBUG ThreadId(08) linting "/addons/zeus/functions/fnc_ui_changeBloodType.sqf"
2023-03-22T22:09:17.698745Z DEBUG ThreadId(15) linting "/addons/zeus/functions/fnc_showMessage.sqf"
2023-03-22T22:09:17.793741Z  INFO ThreadId(01) Linted 222 files
2023-03-22T22:09:17.793858Z TRACE ThreadId(01) phase: check (sqf) (done)
2023-03-22T22:09:17.793937Z TRACE ThreadId(01) phase: check (Rapifier) (start)
2023-03-22T22:09:17.794018Z TRACE ThreadId(01) phase: check (Rapifier) (done)
2023-03-22T22:09:17.794128Z TRACE ThreadId(01) phase: check (Binarize) (start)
2023-03-22T22:09:17.794230Z TRACE ThreadId(01) phase: check (Binarize) (done)
2023-03-22T22:09:17.794302Z TRACE ThreadId(01) phase: check (Hooks) (start)
2023-03-22T22:09:17.794358Z TRACE ThreadId(01) phase: check (Hooks) (done)
2023-03-22T22:09:17.794419Z TRACE ThreadId(01) phase: check (ArmaScriptCompiler) (start)
2023-03-22T22:09:17.794479Z TRACE ThreadId(01) phase: check (ArmaScriptCompiler) (done)
2023-03-22T22:09:17.794566Z TRACE ThreadId(01) phase: check (Files) (start)
2023-03-22T22:09:17.794698Z TRACE ThreadId(01) phase: check (Files) (done)
2023-03-22T22:09:17.794771Z TRACE ThreadId(01) phase: check (done)
2023-03-22T22:09:17.794846Z TRACE ThreadId(01) phase: pre_build (start)
2023-03-22T22:09:17.794910Z TRACE ThreadId(01) phase: pre_build (Sign) (start)
2023-03-22T22:09:17.794980Z TRACE ThreadId(01) phase: pre_build (Sign) (done)
2023-03-22T22:09:17.795083Z TRACE ThreadId(01) phase: pre_build (sqf) (start)
2023-03-22T22:09:17.795144Z TRACE ThreadId(01) phase: pre_build (sqf) (done)
2023-03-22T22:09:17.795210Z TRACE ThreadId(01) phase: pre_build (Rapifier) (start)
2023-03-22T22:09:17.800839Z DEBUG ThreadId(12) rapifying /addons/misc/config.cpp
2023-03-22T22:09:17.800944Z DEBUG ThreadId(07) rapifying /addons/circulation/config.cpp
2023-03-22T22:09:17.801153Z DEBUG ThreadId(21) rapifying /optionals/usaf/config.cpp
2023-03-22T22:09:17.801345Z DEBUG ThreadId(10) rapifying /addons/gui/config.cpp
2023-03-22T22:09:17.801399Z DEBUG ThreadId(02) rapifying /addons/airway/config.cpp
2023-03-22T22:09:17.802539Z DEBUG ThreadId(06) rapifying /addons/surgery/config.cpp
2023-03-22T22:09:17.802734Z DEBUG ThreadId(09) rapifying /addons/zeus/config.cpp
2023-03-22T22:09:17.803016Z DEBUG ThreadId(05) rapifying /addons/breathing/config.cpp
2023-03-22T22:09:17.803185Z DEBUG ThreadId(03) rapifying /addons/main/config.cpp
2023-03-22T22:09:17.803378Z DEBUG ThreadId(04) rapifying /addons/chemical/config.cpp
2023-03-22T22:09:17.804195Z DEBUG ThreadId(08) rapifying /addons/pharma/config.cpp
2023-03-22T22:09:17.853144Z DEBUG ThreadId(12) rapifying /addons/misc/models/stretcher/stretcher.rvmat
2023-03-22T22:09:17.854538Z DEBUG ThreadId(12) rapifying /addons/misc/models/stretcher/seat.rvmat
2023-03-22T22:09:17.855650Z DEBUG ThreadId(12) rapifying /addons/misc/models/stretcher/seat_destruct.rvmat
2023-03-22T22:09:17.856467Z DEBUG ThreadId(05) rapifying /addons/breathing/models/pulseox/pulseox.rvmat
2023-03-22T22:09:17.876599Z DEBUG ThreadId(07) rapifying /addons/circulation/models/aedx/aedx.rvmat
2023-03-22T22:09:17.877646Z DEBUG ThreadId(07) rapifying /addons/circulation/models/aedx/tex3.rvmat
2023-03-22T22:09:17.908917Z DEBUG ThreadId(02) rapifying /addons/airway/models/accuvac/accuvac.rvmat
2023-03-22T22:09:17.909813Z DEBUG ThreadId(02) rapifying /addons/airway/models/accuvac/equip_d.rvmat
2023-03-22T22:09:17.910935Z DEBUG ThreadId(02) rapifying /addons/airway/models/guedel/guedel.rvmat
2023-03-22T22:09:17.912184Z DEBUG ThreadId(02) rapifying /addons/airway/models/larynx_tube/cktube.rvmat
2023-03-22T22:09:17.930996Z  INFO ThreadId(01) Rapified 21 addon configs
2023-03-22T22:09:17.931093Z TRACE ThreadId(01) phase: pre_build (Rapifier) (done)
2023-03-22T22:09:17.931167Z TRACE ThreadId(01) phase: pre_build (Binarize) (start)
2023-03-22T22:09:17.934427Z DEBUG ThreadId(01) binarizing accuvac.p3d
2023-03-22T22:09:18.182582Z DEBUG ThreadId(01) binarizing tube.p3d
2023-03-22T22:09:18.311953Z DEBUG ThreadId(01) binarizing guedel.p3d
2023-03-22T22:09:18.424525Z DEBUG ThreadId(01) binarizing pulseox.p3d
2023-03-22T22:09:18.531970Z DEBUG ThreadId(01) binarizing m7a3.p3d
2023-03-22T22:09:18.643347Z DEBUG ThreadId(01) binarizing m7a3_throw.p3d
2023-03-22T22:09:18.754719Z DEBUG ThreadId(01) binarizing aedx.p3d
2023-03-22T22:09:18.861526Z DEBUG ThreadId(01) binarizing vurtual_stretcher.p3d
2023-03-22T22:09:18.975487Z DEBUG ThreadId(01) binarizing caffeine.p3d
2023-03-22T22:09:19.086902Z DEBUG ThreadId(01) binarizing pervitin.p3d
2023-03-22T22:09:19.206026Z  INFO ThreadId(01) Binarized 10 files
2023-03-22T22:09:19.206110Z TRACE ThreadId(01) phase: pre_build (Binarize) (done)
2023-03-22T22:09:19.206182Z TRACE ThreadId(01) phase: pre_build (Hooks) (start)
2023-03-22T22:09:19.206290Z TRACE ThreadId(01) no pre_build hooks
2023-03-22T22:09:19.206357Z TRACE ThreadId(01) phase: pre_build (Hooks) (done)
2023-03-22T22:09:19.206415Z TRACE ThreadId(01) phase: pre_build (ArmaScriptCompiler) (start)
2023-03-22T22:09:19.206483Z TRACE ThreadId(01) phase: pre_build (ArmaScriptCompiler) (done)
2023-03-22T22:09:19.206538Z TRACE ThreadId(01) phase: pre_build (Files) (start)
2023-03-22T22:09:19.206591Z TRACE ThreadId(01) phase: pre_build (Files) (done)
2023-03-22T22:09:19.206653Z TRACE ThreadId(01) phase: pre_build (done)
2023-03-22T22:09:19.206730Z TRACE ThreadId(01) phase: build (start)
2023-03-22T22:09:19.207231Z DEBUG ThreadId(22) building "optionals/usaf" => "C:\\GitHub\\KAM\\.hemttout\\release\\optionals\\@kat_usaf\\addons\\kat_usaf.pbo"
2023-03-22T22:09:19.207398Z DEBUG ThreadId(02) building "addons/airway" => "C:\\GitHub\\KAM\\.hemttout\\release\\addons\\kat_airway.pbo"
2023-03-22T22:09:19.207575Z DEBUG ThreadId(21) building "addons/pharma" => "C:\\GitHub\\KAM\\.hemttout\\release\\addons\\kat_pharma.pbo"
2023-03-22T22:09:19.207689Z DEBUG ThreadId(23) building "addons/gui" => "C:\\GitHub\\KAM\\.hemttout\\release\\addons\\kat_gui.pbo"
2023-03-22T22:09:19.207820Z TRACE ThreadId(22) adding file "CfgVehicles.hpp"
2023-03-22T22:09:19.207882Z DEBUG ThreadId(12) building "addons/circulation" => "C:\\GitHub\\KAM\\.hemttout\\release\\addons\\kat_circulation.pbo"
2023-03-22T22:09:19.208011Z DEBUG ThreadId(13) building "addons/zeus" => "C:\\GitHub\\KAM\\.hemttout\\release\\addons\\kat_zeus.pbo"
2023-03-22T22:09:19.208186Z DEBUG ThreadId(03) building "addons/main" => "C:\\GitHub\\KAM\\.hemttout\\release\\addons\\kat_main.pbo"
2023-03-22T22:09:19.208623Z DEBUG ThreadId(04) building "addons/breathing" => "C:\\GitHub\\KAM\\.hemttout\\release\\addons\\kat_breathing.pbo"
2023-03-22T22:09:19.208910Z DEBUG ThreadId(06) building "addons/misc" => "C:\\GitHub\\KAM\\.hemttout\\release\\addons\\kat_misc.pbo"
2023-03-22T22:09:19.209610Z DEBUG ThreadId(11) building "addons/surgery" => "C:\\GitHub\\KAM\\.hemttout\\release\\addons\\kat_surgery.pbo"
2023-03-22T22:09:19.209780Z DEBUG ThreadId(05) building "addons/chemical" => "C:\\GitHub\\KAM\\.hemttout\\release\\addons\\kat_chemical.pbo"
2023-03-22T22:09:19.209954Z TRACE ThreadId(02) adding file "licence.txt"
2023-03-22T22:09:19.210032Z TRACE ThreadId(11) adding file "config.bin"
2023-03-22T22:09:19.210187Z TRACE ThreadId(21) adding file "ACE_Medical_Treatment.hpp"
2023-03-22T22:09:19.210324Z TRACE ThreadId(22) adding file "script_component.hpp"
2023-03-22T22:09:19.210390Z TRACE ThreadId(13) adding file "script_component.hpp"
2023-03-22T22:09:19.210471Z TRACE ThreadId(03) adding file "script_version.hpp"
2023-03-22T22:09:19.210657Z TRACE ThreadId(04) adding file "config.bin"
2023-03-22T22:09:19.210787Z TRACE ThreadId(22) adding file "config.bin"
2023-03-22T22:09:19.210909Z TRACE ThreadId(06) adding file "XEH_PREP.hpp"
2023-03-22T22:09:19.211057Z TRACE ThreadId(12) adding file "config.bin"
2023-03-22T22:09:19.211251Z TRACE ThreadId(11) adding file "ACE_Medical_Treatment.hpp"
2023-03-22T22:09:19.211328Z TRACE ThreadId(12) adding file "stringtable.xml"
2023-03-22T22:09:19.211398Z TRACE ThreadId(02) adding file "ACE_Medical_Treatment_Actions.hpp"
2023-03-22T22:09:19.211493Z TRACE ThreadId(23) adding file "XEH_preInit.sqf"
2023-03-22T22:09:19.211587Z TRACE ThreadId(13) adding file "CfgEventHandlers.hpp"
2023-03-22T22:09:19.211690Z TRACE ThreadId(03) adding file "stringtable.xml"
2023-03-22T22:09:19.211745Z TRACE ThreadId(04) adding file "ACE_Medical_Treatment_Actions.hpp"
2023-03-22T22:09:19.211876Z TRACE ThreadId(06) adding file "config.bin"
2023-03-22T22:09:19.211957Z TRACE ThreadId(05) adding file "CfgWeapons.hpp"
2023-03-22T22:09:19.212094Z TRACE ThreadId(21) adding file "XEH_postInit.sqf"
2023-03-22T22:09:19.212217Z TRACE ThreadId(11) adding file "CfgVehicles.hpp"
2023-03-22T22:09:19.212289Z TRACE ThreadId(02) adding file "CfgWeapons.hpp"
2023-03-22T22:09:19.212449Z TRACE ThreadId(12) adding file "XEH_init.sqf"
2023-03-22T22:09:19.212551Z TRACE ThreadId(23) adding file "script_component.hpp"
2023-03-22T22:09:19.212669Z TRACE ThreadId(13) adding file "CfgFactionClasses.hpp"
2023-03-22T22:09:19.212738Z TRACE ThreadId(04) adding file "XEH_preInit.sqf"
2023-03-22T22:09:19.212849Z TRACE ThreadId(06) adding file "CfgVehicles.hpp"
2023-03-22T22:09:19.213030Z TRACE ThreadId(03) adding file "script_macros.hpp"
2023-03-22T22:09:19.213105Z TRACE ThreadId(05) adding file "ACE_Medical_Treatment_Actions.hpp"
2023-03-22T22:09:19.213242Z TRACE ThreadId(02) adding file "CfgSounds.hpp"
2023-03-22T22:09:19.213361Z TRACE ThreadId(11) adding file "XEH_preInit.sqf"
2023-03-22T22:09:19.213512Z TRACE ThreadId(03) adding file "script_mod.hpp"
2023-03-22T22:09:19.213605Z TRACE ThreadId(21) adding file "CfgVehicles.hpp"
2023-03-22T22:09:19.213679Z TRACE ThreadId(02) adding file "XEH_init.sqf"
2023-03-22T22:09:19.213824Z TRACE ThreadId(04) adding file "CfgEventHandlers.hpp"
2023-03-22T22:09:19.213907Z TRACE ThreadId(06) adding file "CfgWeapons.hpp"
2023-03-22T22:09:19.214011Z TRACE ThreadId(23) adding file "config.bin"
2023-03-22T22:09:19.214210Z TRACE ThreadId(12) adding file "XEH_preInit.sqf"
2023-03-22T22:09:19.214377Z TRACE ThreadId(13) adding file "CfgVehicles.hpp"
2023-03-22T22:09:19.214716Z TRACE ThreadId(04) adding file "XEH_postInit.sqf"
2023-03-22T22:09:19.214856Z TRACE ThreadId(11) adding file "CfgWeapons.hpp"
2023-03-22T22:09:19.215153Z TRACE ThreadId(21) adding file "CfgEventHandlers.hpp"
2023-03-22T22:09:19.215239Z TRACE ThreadId(02) adding file "CfgEventHandlers.hpp"
2023-03-22T22:09:19.215361Z TRACE ThreadId(03) adding file "script_component.hpp"
2023-03-22T22:09:19.215539Z TRACE ThreadId(23) adding file "XEH_PREP.hpp"
2023-03-22T22:09:19.215674Z TRACE ThreadId(06) adding file "XEH_postInit.sqf"
2023-03-22T22:09:19.215871Z TRACE ThreadId(05) adding file "CfgAmmo.hpp"
2023-03-22T22:09:19.216053Z TRACE ThreadId(12) adding file "CfgEventHandlers.hpp"
2023-03-22T22:09:19.216281Z TRACE ThreadId(13) adding file "stringtable.xml"
2023-03-22T22:09:19.216505Z TRACE ThreadId(04) adding file "CfgFunctions.hpp"
2023-03-22T22:09:19.216678Z TRACE ThreadId(11) adding file "stringtable.xml"
2023-03-22T22:09:19.216784Z TRACE ThreadId(02) adding file "XEH_postInit.sqf"
2023-03-22T22:09:19.217013Z TRACE ThreadId(21) adding file "XEH_PREP.hpp"
2023-03-22T22:09:19.217137Z TRACE ThreadId(23) adding file "XEH_preStart.sqf"
2023-03-22T22:09:19.217254Z TRACE ThreadId(06) adding file "script_component.hpp"
2023-03-22T22:09:19.217468Z TRACE ThreadId(03) adding file "script_debug.hpp"
2023-03-22T22:09:19.217588Z TRACE ThreadId(12) adding file "CfgWeapons.hpp"
2023-03-22T22:09:19.217689Z TRACE ThreadId(05) adding file "XEH_init.sqf"
2023-03-22T22:09:19.217800Z TRACE ThreadId(13) adding file "config.bin"
2023-03-22T22:09:19.217897Z TRACE ThreadId(04) adding file "XEH_PREP.hpp"
2023-03-22T22:09:19.217989Z TRACE ThreadId(02) adding file "XEH_PREP.hpp"
2023-03-22T22:09:19.218070Z TRACE ThreadId(12) adding file "XEH_postInit.sqf"
2023-03-22T22:09:19.218139Z TRACE ThreadId(23) adding file "CfgEventHandlers.hpp"
2023-03-22T22:09:19.218210Z TRACE ThreadId(06) adding file "CfgEventHandlers.hpp"
2023-03-22T22:09:19.218321Z TRACE ThreadId(11) adding file "script_component.hpp"
2023-03-22T22:09:19.218428Z TRACE ThreadId(23) adding file "gui.hpp"
2023-03-22T22:09:19.218503Z TRACE ThreadId(05) adding file "XEH_postInit.sqf"
2023-03-22T22:09:19.218597Z TRACE ThreadId(21) adding file "XEH_preInit.sqf"
2023-03-22T22:09:19.218710Z TRACE ThreadId(13) adding file "XEH_preInit.sqf"
2023-03-22T22:09:19.218792Z TRACE ThreadId(02) adding file "config.bin"
2023-03-22T22:09:19.218870Z TRACE ThreadId(04) adding file "stringtable.xml"
2023-03-22T22:09:19.218979Z TRACE ThreadId(12) adding file "licence.txt"
2023-03-22T22:09:19.219060Z TRACE ThreadId(03) adding file "config.bin"
2023-03-22T22:09:19.219160Z TRACE ThreadId(06) adding file "licence.txt"
2023-03-22T22:09:19.219248Z TRACE ThreadId(11) adding file "ACE_Medical_Treatment_Actions.hpp"
2023-03-22T22:09:19.219389Z TRACE ThreadId(21) adding file "CfgMagazines.hpp"
2023-03-22T22:09:19.219527Z TRACE ThreadId(05) adding file "CfgMagazineGroups.hpp"
2023-03-22T22:09:19.219622Z TRACE ThreadId(02) adding file "XEH_preInit.sqf"
2023-03-22T22:09:19.219748Z TRACE ThreadId(23) adding file "XEH_postInit.sqf"
2023-03-22T22:09:19.219833Z TRACE ThreadId(04) adding file "XEH_init.sqf"
2023-03-22T22:09:19.219924Z TRACE ThreadId(13) adding file "XEH_PREP.hpp"
2023-03-22T22:09:19.219997Z TRACE ThreadId(12) adding file "script_component.hpp"
2023-03-22T22:09:19.220098Z TRACE ThreadId(21) adding file "config.bin"
2023-03-22T22:09:19.220190Z TRACE ThreadId(11) adding file "CfgEventHandlers.hpp"
2023-03-22T22:09:19.220247Z TRACE ThreadId(06) adding file "XEH_init.sqf"
2023-03-22T22:09:19.220380Z TRACE ThreadId(05) adding file "XEH_preInit.sqf"
2023-03-22T22:09:19.220482Z TRACE ThreadId(02) adding file "stringtable.xml"
2023-03-22T22:09:19.220681Z TRACE ThreadId(23) adding file "CfgFunctions.hpp"
2023-03-22T22:09:19.220737Z TRACE ThreadId(21) adding file "ACE_Medical_Treatment_Actions.hpp"
2023-03-22T22:09:19.220829Z TRACE ThreadId(13) adding file "XEH_postInit.sqf"
2023-03-22T22:09:19.220980Z TRACE ThreadId(12) adding file "CfgFunctions.hpp"
2023-03-22T22:09:19.221107Z TRACE ThreadId(11) adding file "CfgSounds.hpp"
2023-03-22T22:09:19.221196Z TRACE ThreadId(05) adding file "XEH_PREP.hpp"
2023-03-22T22:09:19.221293Z TRACE ThreadId(04) adding file "CfgSounds.hpp"
2023-03-22T22:09:19.221384Z TRACE ThreadId(06) adding file "CfgMoves.hpp"
2023-03-22T22:09:19.221465Z TRACE ThreadId(21) adding file "CfgSounds.hpp"
2023-03-22T22:09:19.221570Z TRACE ThreadId(02) adding file "CfgFunctions.hpp"
2023-03-22T22:09:19.221664Z TRACE ThreadId(23) adding file "stringtable.xml"
2023-03-22T22:09:19.221765Z TRACE ThreadId(11) adding file "XEH_PREP.hpp"
2023-03-22T22:09:19.221882Z TRACE ThreadId(05) adding file "stringtable.xml"
2023-03-22T22:09:19.221997Z TRACE ThreadId(13) adding file "functions\\fnc_zeusAttributes.sqf"
2023-03-22T22:09:19.222096Z TRACE ThreadId(04) adding file "CfgWeapons.hpp"
2023-03-22T22:09:19.222172Z TRACE ThreadId(06) adding file "stringtable.xml"
2023-03-22T22:09:19.222277Z TRACE ThreadId(21) adding file "script_component.hpp"
2023-03-22T22:09:19.222380Z TRACE ThreadId(12) adding file "CfgVehicles.hpp"
2023-03-22T22:09:19.222509Z TRACE ThreadId(04) adding file "script_component.hpp"
2023-03-22T22:09:19.222601Z TRACE ThreadId(13) adding file "functions\\script_component.hpp"
2023-03-22T22:09:19.222733Z TRACE ThreadId(05) adding file "CfgMagazines.hpp"
2023-03-22T22:09:19.222834Z TRACE ThreadId(02) adding file "script_component.hpp"
2023-03-22T22:09:19.222939Z TRACE ThreadId(23) adding file "data\\categories\\plate.paa"
2023-03-22T22:09:19.223048Z TRACE ThreadId(11) adding file "XEH_postInit.sqf"
2023-03-22T22:09:19.223138Z TRACE ThreadId(06) adding file "vehicle_stretcher.hpp"
2023-03-22T22:09:19.223243Z TRACE ThreadId(21) adding file "XEH_init.sqf"
2023-03-22T22:09:19.223398Z TRACE ThreadId(04) adding file "licence.txt"
2023-03-22T22:09:19.223495Z TRACE ThreadId(12) adding file "XEH_PREP.hpp"
2023-03-22T22:09:19.223657Z TRACE ThreadId(13) adding file "functions\\fnc_ui_manageAirway.sqf"
2023-03-22T22:09:19.223772Z TRACE ThreadId(05) adding file "CfgSounds.hpp"
2023-03-22T22:09:19.223847Z TRACE ThreadId(02) adding file "CfgVehicles.hpp"
2023-03-22T22:09:19.224019Z TRACE ThreadId(23) adding file "data\\categories\\medication.paa"
2023-03-22T22:09:19.224208Z TRACE ThreadId(11) adding file "XEH_init.sqf"
2023-03-22T22:09:19.224328Z TRACE ThreadId(06) adding file "ACE_Medical_Treatment_Actions.hpp"
2023-03-22T22:09:19.224495Z TRACE ThreadId(04) adding file "CfgVehicles.hpp"
2023-03-22T22:09:19.224576Z TRACE ThreadId(21) adding file "CfgWeapons.hpp"
2023-03-22T22:09:19.224657Z TRACE ThreadId(12) adding file "CfgSounds.hpp"
2023-03-22T22:09:19.224772Z TRACE ThreadId(13) adding file "functions\\fnc_emptyFunction.sqf"
2023-03-22T22:09:19.224861Z TRACE ThreadId(05) adding file "CfgFunctions.hpp"
2023-03-22T22:09:19.225035Z TRACE ThreadId(23) adding file "data\\categories\\arm_left.paa"
2023-03-22T22:09:19.225119Z TRACE ThreadId(02) adding file "sounds\\puking3.wav"
2023-03-22T22:09:19.225216Z TRACE ThreadId(06) adding file "CfgFunctions.hpp"
2023-03-22T22:09:19.225294Z TRACE ThreadId(11) adding file "sounds\\noshock.wav"
2023-03-22T22:09:19.225385Z TRACE ThreadId(23) adding file "functions\\fnc_updateCategories.sqf"
2023-03-22T22:09:19.225497Z TRACE ThreadId(12) adding file "ACE_Medical_Treatment_Actions.hpp"
2023-03-22T22:09:19.225581Z TRACE ThreadId(04) adding file "ui\\ndcKit.paa"
2023-03-22T22:09:19.225673Z TRACE ThreadId(13) adding file "functions\\fnc_openMedicalMenu.sqf"
2023-03-22T22:09:19.225762Z TRACE ThreadId(23) adding file "functions\\fnc_updateActions.sqf"
2023-03-22T22:09:19.225854Z TRACE ThreadId(21) adding file "CfgFunctions.hpp"
2023-03-22T22:09:19.225927Z TRACE ThreadId(06) adding file "XEH_preInit.sqf"
2023-03-22T22:09:19.226032Z TRACE ThreadId(23) adding file "functions\\script_component.hpp"
2023-03-22T22:09:19.226110Z TRACE ThreadId(11) adding file "sounds\\reduction.wav"
2023-03-22T22:09:19.226195Z TRACE ThreadId(05) adding file "script_component.hpp"
2023-03-22T22:09:19.226273Z TRACE ThreadId(12) adding file "Blood_Medical.hpp"
2023-03-22T22:09:19.226368Z TRACE ThreadId(13) adding file "functions\\fnc_ui_changeAsystole.sqf"
2023-03-22T22:09:19.226479Z TRACE ThreadId(04) adding file "ui\\steth.paa"
2023-03-22T22:09:19.226550Z TRACE ThreadId(02) adding file "sounds\\puking1.wav"
2023-03-22T22:09:19.226631Z TRACE ThreadId(21) adding file "licence.txt"
2023-03-22T22:09:19.226705Z TRACE ThreadId(23) adding file "functions\\fnc_onMenuOpen.sqf"
2023-03-22T22:09:19.226801Z TRACE ThreadId(06) adding file "models\\stretcher\\seat.rvmat"
2023-03-22T22:09:19.226880Z TRACE ThreadId(11) adding file "sounds\\shock.wav"
2023-03-22T22:09:19.226970Z TRACE ThreadId(05) adding file "CfgEventHandlers.hpp"
2023-03-22T22:09:19.227055Z TRACE ThreadId(12) adding file "ACE_Medical_Treatment.hpp"
2023-03-22T22:09:19.227126Z TRACE ThreadId(04) adding file "ui\\Pulseoximeter_normal.paa"
2023-03-22T22:09:19.227188Z TRACE ThreadId(13) adding file "functions\\fnc_menuPFH.sqf"
2023-03-22T22:09:19.227267Z TRACE ThreadId(02) adding file "sounds\\puking2.wav"
2023-03-22T22:09:19.227353Z TRACE ThreadId(05) adding file "CfgUIGrids.hpp"
2023-03-22T22:09:19.227432Z TRACE ThreadId(06) adding file "models\\stretcher\\seat_nohq.paa"
2023-03-22T22:09:19.227527Z TRACE ThreadId(11) adding file "sounds\\bump.license.txt"
2023-03-22T22:09:19.227599Z TRACE ThreadId(21) adding file "stringtable.xml"
2023-03-22T22:09:19.227670Z TRACE ThreadId(04) adding file "ui\\chest-seal.paa"
2023-03-22T22:09:19.227735Z TRACE ThreadId(02) adding file "sounds\\Suction.wav"
2023-03-22T22:09:19.227814Z TRACE ThreadId(13) adding file "functions\\fnc_showMessage.sqf"
2023-03-22T22:09:19.227883Z TRACE ThreadId(05) adding file "config.bin"
2023-03-22T22:09:19.227954Z TRACE ThreadId(12) adding file "ui\\IVBag_blood_500ml_empty_ca.paa"
2023-03-22T22:09:19.228030Z TRACE ThreadId(13) adding file "functions\\fnc_ui_changeBloodType.sqf"
2023-03-22T22:09:19.228101Z TRACE ThreadId(11) adding file "sounds\\standclear.wav"
2023-03-22T22:09:19.228189Z TRACE ThreadId(04) adding file "ui\\surgical_airway_kit.paa"
2023-03-22T22:09:19.228271Z TRACE ThreadId(06) adding file "models\\stretcher\\stretcher_co.paa"
2023-03-22T22:09:19.228347Z TRACE ThreadId(05) adding file "CfgCloudlets.hpp"
2023-03-22T22:09:19.228444Z TRACE ThreadId(02) adding file "ui\\larynx_normal.paa"
2023-03-22T22:09:19.228517Z TRACE ThreadId(12) adding file "ui\\X_Series-Device_W.paa"
2023-03-22T22:09:19.228602Z TRACE ThreadId(11) adding file "sounds\\heartrate.wav"
2023-03-22T22:09:19.228674Z TRACE ThreadId(13) adding file "ui\\RscAttributes.hpp"
2023-03-22T22:09:19.228739Z TRACE ThreadId(06) adding file "models\\stretcher\\seat_smdi.paa"
2023-03-22T22:09:19.228816Z TRACE ThreadId(21) adding file "functions\\script_component.hpp"
2023-03-22T22:09:19.228953Z TRACE ThreadId(04) adding file "functions\\fnc_init.sqf"
2023-03-22T22:09:19.229026Z TRACE ThreadId(02) adding file "ui\\guedel.paa"
2023-03-22T22:09:19.229133Z TRACE ThreadId(12) adding file "ui\\crosspanel.paa"
2023-03-22T22:09:19.229234Z TRACE ThreadId(05) adding file "CfgVehicles.hpp"
2023-03-22T22:09:19.229304Z TRACE ThreadId(06) adding file "models\\stretcher\\stretcher.rvmat"
2023-03-22T22:09:19.229380Z TRACE ThreadId(11) adding file "sounds\\noheartrate.wav"
2023-03-22T22:09:19.229460Z TRACE ThreadId(21) adding file "functions\\fnc_alphaAction.sqf"
2023-03-22T22:09:19.229551Z TRACE ThreadId(02) adding file "ui\\vomit.paa"
2023-03-22T22:09:19.229627Z TRACE ThreadId(04) adding file "functions\\fnc_treatmentAdvanced_hemopneumothorax.sqf"
2023-03-22T22:09:19.229774Z TRACE ThreadId(06) adding file "models\\stretcher\\seat_destruct.rvmat"
2023-03-22T22:09:19.229845Z TRACE ThreadId(12) adding file "ui\\bloodiv_empty_ca.paa"
2023-03-22T22:09:19.229931Z TRACE ThreadId(11) adding file "sounds\\checkpulse.wav"
2023-03-22T22:09:19.229994Z TRACE ThreadId(21) adding file "functions\\fnc_inspectCatheter.sqf"
2023-03-22T22:09:19.230060Z TRACE ThreadId(05) adding file "functions\\fnc_handleCSGas.sqf"
2023-03-22T22:09:19.230171Z TRACE ThreadId(02) adding file "ui\\accuvac.paa"
2023-03-22T22:09:19.230246Z TRACE ThreadId(06) adding file "models\\stretcher\\seat_destruct_mc.paa"
2023-03-22T22:09:19.230337Z TRACE ThreadId(04) adding file "functions\\fnc_treatmentAdvanced_chestSealLocal.sqf"
2023-03-22T22:09:19.230415Z TRACE ThreadId(12) adding file "ui\\x-series.paa"
2023-03-22T22:09:19.230504Z TRACE ThreadId(05) adding file "functions\\fnc_getList.sqf"
2023-03-22T22:09:19.230590Z TRACE ThreadId(11) adding file "sounds\\license.txt"
2023-03-22T22:09:19.230653Z TRACE ThreadId(21) adding file "functions\\fnc_init.sqf"
2023-03-22T22:09:19.230731Z TRACE ThreadId(06) adding file "models\\stretcher\\seat_destruct_smdi.paa"
2023-03-22T22:09:19.230824Z TRACE ThreadId(02) adding file "ui\\accuvac_normal.paa"
2023-03-22T22:09:19.230928Z TRACE ThreadId(04) adding file "functions\\fnc_treatmentAdvanced_removePulseoximeter.sqf"
2023-03-22T22:09:19.230999Z TRACE ThreadId(12) adding file "ui\\defib.paa"
2023-03-22T22:09:19.231085Z TRACE ThreadId(06) adding file "models\\stretcher\\stretcher_nohq.paa"
2023-03-22T22:09:19.231160Z TRACE ThreadId(05) adding file "functions\\fnc_initModule.sqf"
2023-03-22T22:09:19.231232Z TRACE ThreadId(21) adding file "functions\\fnc_pervitinPP.sqf"
2023-03-22T22:09:19.231301Z TRACE ThreadId(06) adding file "models\\stretcher\\vurtual_stretcher.p3d"
2023-03-22T22:09:19.231374Z TRACE ThreadId(02) adding file "ui\\larynx.paa"
2023-03-22T22:09:19.231437Z TRACE ThreadId(12) adding file "ui\\CrossPanel_Dialog.hpp"
2023-03-22T22:09:19.231502Z TRACE ThreadId(04) adding file "functions\\fnc_listenLungs.sqf"
2023-03-22T22:09:19.231568Z TRACE ThreadId(11) adding file "sounds\\bump.wav"
2023-03-22T22:09:19.231638Z TRACE ThreadId(05) adding file "functions\\fnc_chemDetector.sqf"
2023-03-22T22:09:19.231711Z TRACE ThreadId(21) adding file "functions\\fnc_fluid.sqf"
2023-03-22T22:09:19.231772Z TRACE ThreadId(11) adding file "sounds\\slap.ogg"
2023-03-22T22:09:19.231842Z TRACE ThreadId(02) adding file "ui\\guedel_normal.paa"
2023-03-22T22:09:19.231902Z TRACE ThreadId(04) adding file "functions\\fnc_treatmentAdvanced_Cyanosis.sqf"
2023-03-22T22:09:19.231964Z TRACE ThreadId(12) adding file "ui\\icon_painkillers.paa"
2023-03-22T22:09:19.232036Z TRACE ThreadId(06) adding file "models\\stretcher\\env_land_co.paa"
2023-03-22T22:09:19.232109Z TRACE ThreadId(04) adding file "functions\\fnc_handleBreathing.sqf"
2023-03-22T22:09:19.232171Z TRACE ThreadId(21) adding file "functions\\fnc_treatmentAdvanced_Ketamine.sqf"
2023-03-22T22:09:19.232229Z TRACE ThreadId(11) adding file "sounds\\vacuum.ogg"
2023-03-22T22:09:19.232305Z TRACE ThreadId(05) adding file "functions\\fnc_gasAI.sqf"
2023-03-22T22:09:19.232376Z TRACE ThreadId(12) adding file "ui\\icon_painkillers_action.paa"
2023-03-22T22:09:19.232449Z TRACE ThreadId(11) adding file "sounds\\powerup.wav"
2023-03-22T22:09:19.232546Z TRACE ThreadId(04) adding file "functions\\fnc_treatmentAdvanced_pulseoximeterLocal.sqf"
2023-03-22T22:09:19.232609Z TRACE ThreadId(06) adding file "models\\stretcher\\Model.cfg"
2023-03-22T22:09:19.232667Z TRACE ThreadId(21) adding file "functions\\fnc_treatmentAdvanced_Pervitin.sqf"
2023-03-22T22:09:19.232735Z TRACE ThreadId(02) adding file "functions\\fnc_handleAirway.sqf"
2023-03-22T22:09:19.232799Z TRACE ThreadId(05) adding file "functions\\fnc_afterWait.sqf"
2023-03-22T22:09:19.232870Z TRACE ThreadId(12) adding file "ui\\coolBattery.paa"
2023-03-22T22:09:19.232932Z TRACE ThreadId(11) adding file "sounds\\take_painkillers.wav"
2023-03-22T22:09:19.233001Z TRACE ThreadId(04) adding file "functions\\fnc_treatmentAdvanced_CyanosisLocal.sqf"
2023-03-22T22:09:19.233087Z TRACE ThreadId(21) adding file "functions\\fnc_treatmentAdvanced_Naloxone.sqf"
2023-03-22T22:09:19.233188Z TRACE ThreadId(06) adding file "functions\\fnc_addActionRaise.sqf"
2023-03-22T22:09:19.233271Z TRACE ThreadId(05) adding file "functions\\fnc_hasGasmask.sqf"
2023-03-22T22:09:19.233565Z TRACE ThreadId(02) adding file "functions\\fnc_setUnconscious.sqf"
2023-03-22T22:09:19.233640Z TRACE ThreadId(11) adding file "sounds\\analyse.wav"
2023-03-22T22:09:19.233730Z TRACE ThreadId(21) adding file "functions\\fnc_treatmentAdvanced_LorazepamLocal.sqf"
2023-03-22T22:09:19.233840Z TRACE ThreadId(04) adding file "functions\\fnc_treatmentAdvanced_hemopneumothoraxLocal.sqf"
2023-03-22T22:09:19.233944Z TRACE ThreadId(12) adding file "functions\\fnc_AEDXCondition.sqf"
2023-03-22T22:09:19.234020Z TRACE ThreadId(05) adding file "functions\\fnc_CASCreateGas.sqf"
2023-03-22T22:09:19.234116Z TRACE ThreadId(06) adding file "functions\\fnc_handleRespawn.sqf"
2023-03-22T22:09:19.234197Z TRACE ThreadId(02) adding file "functions\\fnc_treatmentAdvanced_overstretchHead.sqf"
2023-03-22T22:09:19.234285Z TRACE ThreadId(21) adding file "functions\\fnc_removeIV.sqf"
2023-03-22T22:09:19.234361Z TRACE ThreadId(05) adding file "functions\\fnc_createSealAction.sqf"
2023-03-22T22:09:19.234445Z TRACE ThreadId(11) adding file "functions\\fnc_debridementLocal.sqf"
2023-03-22T22:09:19.234522Z TRACE ThreadId(12) adding file "functions\\fnc_AEDStationCondition.sqf"
2023-03-22T22:09:19.234604Z TRACE ThreadId(05) adding file "functions\\fnc_createZone.sqf"
2023-03-22T22:09:19.234724Z TRACE ThreadId(02) adding file "functions\\fnc_treatmentAdvanced_turnaroundHead.sqf"
2023-03-22T22:09:19.234818Z TRACE ThreadId(06) adding file "functions\\script_component.hpp"
2023-03-22T22:09:19.234907Z TRACE ThreadId(04) adding file "functions\\fnc_treatmentAdvanced_tensionpneumothoraxLocal.sqf"
2023-03-22T22:09:19.235026Z TRACE ThreadId(21) adding file "functions\\fnc_treatmentAdvanced_AtropineLocal.sqf"
2023-03-22T22:09:19.235118Z TRACE ThreadId(11) adding file "functions\\fnc_incisionLocal.sqf"
2023-03-22T22:09:19.235186Z TRACE ThreadId(12) adding file "functions\\fnc_canCheckDogtag.sqf"
2023-03-22T22:09:19.235241Z TRACE ThreadId(05) adding file "functions\\fnc_handleFired.sqf"
2023-03-22T22:09:19.235324Z TRACE ThreadId(02) adding file "functions\\fnc_treatmentAdvanced_CancelRecoveryPositionLocal.sqf"
2023-03-22T22:09:19.235437Z TRACE ThreadId(04) adding file "functions\\fnc_treatmentAdvanced_tensionpneumothorax.sqf"
2023-03-22T22:09:19.235554Z TRACE ThreadId(06) adding file "functions\\fnc_heliStretcherAttach.sqf"
2023-03-22T22:09:19.235648Z TRACE ThreadId(21) adding file "functions\\fnc_treatmentAdvanced_Lorazepam.sqf"
2023-03-22T22:09:19.235712Z TRACE ThreadId(11) adding file "functions\\fnc_fractureSelectLocal.sqf"
2023-03-22T22:09:19.235790Z TRACE ThreadId(06) adding file "functions\\fnc_stretcher.sqf"
2023-03-22T22:09:19.235878Z TRACE ThreadId(12) adding file "functions\\fnc_treatment.sqf"
2023-03-22T22:09:19.235976Z TRACE ThreadId(02) adding file "functions\\fnc_treatmentAdvanced_CancelRecoveryPosition.sqf"
2023-03-22T22:09:19.236068Z TRACE ThreadId(04) adding file "functions\\fnc_treatmentAdvanced_chestSeal.sqf"
2023-03-22T22:09:19.236164Z TRACE ThreadId(05) adding file "functions\\fnc_throwGrenade.sqf"
2023-03-22T22:09:19.236257Z TRACE ThreadId(21) adding file "functions\\fnc_applyIV.sqf"
2023-03-22T22:09:19.236335Z TRACE ThreadId(11) adding file "functions\\fnc_openReductionProgressLocal.sqf"
2023-03-22T22:09:19.236426Z TRACE ThreadId(06) adding file "functions\\fnc_addIVbag.sqf"
2023-03-22T22:09:19.236505Z TRACE ThreadId(12) adding file "functions\\fnc_treatmentAdvanced_IV.sqf"
2023-03-22T22:09:19.236587Z TRACE ThreadId(04) adding file "functions\\fnc_lowSpO2pp.sqf"
2023-03-22T22:09:19.236652Z TRACE ThreadId(02) adding file "functions\\fnc_handlePuking.sqf"
2023-03-22T22:09:19.236708Z TRACE ThreadId(05) adding file "functions\\fnc_hasGasMaskON.sqf"
2023-03-22T22:09:19.236803Z TRACE ThreadId(11) adding file "functions\\fnc_npwtTreatment.sqf"
2023-03-22T22:09:19.236894Z TRACE ThreadId(21) adding file "functions\\fnc_getBloodVolumeChange.sqf"
2023-03-22T22:09:19.236977Z TRACE ThreadId(04) adding file "functions\\fnc_handlePulmoHit.sqf"
2023-03-22T22:09:19.237050Z TRACE ThreadId(06) adding file "functions\\fnc_incompatibilityWarning.sqf"
2023-03-22T22:09:19.237122Z TRACE ThreadId(05) adding file "functions\\fnc_addLoadAction.sqf"
2023-03-22T22:09:19.237207Z TRACE ThreadId(12) adding file "functions\\fnc_cprSuccess.sqf"
2023-03-22T22:09:19.237284Z TRACE ThreadId(02) adding file "functions\\fnc_displayPatientInformation.sqf"
2023-03-22T22:09:19.237379Z TRACE ThreadId(11) adding file "functions\\fnc_openReductionProgress.sqf"
2023-03-22T22:09:19.237451Z TRACE ThreadId(04) adding file "functions\\fnc_treatmentAdvanced_pulseoximeter.sqf"
2023-03-22T22:09:19.237550Z TRACE ThreadId(21) adding file "functions\\fnc_treatmentAdvanced_Amiodarone.sqf"
2023-03-22T22:09:19.237638Z TRACE ThreadId(05) adding file "functions\\fnc_breathing.sqf"
2023-03-22T22:09:19.237721Z TRACE ThreadId(06) adding file "functions\\fnc_init.sqf"
2023-03-22T22:09:19.237789Z TRACE ThreadId(02) adding file "functions\\fnc_checkRecovery.sqf"
2023-03-22T22:09:19.237873Z TRACE ThreadId(12) adding file "functions\\fnc_removeLog.sqf"
2023-03-22T22:09:19.237969Z TRACE ThreadId(04) adding file "functions\\script_component.hpp"
2023-03-22T22:09:19.238049Z TRACE ThreadId(11) adding file "functions\\fnc_closedReductionLocal.sqf"
2023-03-22T22:09:19.238156Z TRACE ThreadId(21) adding file "functions\\fnc_treatmentAdvanced_Carbonate.sqf"
2023-03-22T22:09:19.238266Z TRACE ThreadId(06) adding file "functions\\fnc_treatmentIV.sqf"
2023-03-22T22:09:19.238352Z TRACE ThreadId(05) adding file "functions\\fnc_giveUnitGasMask.sqf"
2023-03-22T22:09:19.238455Z TRACE ThreadId(12) adding file "functions\\script_component.hpp"
2023-03-22T22:09:19.238545Z TRACE ThreadId(02) adding file "functions\\fnc_treatmentAdvanced_Accuvac.sqf"
2023-03-22T22:09:19.238673Z TRACE ThreadId(11) adding file "functions\\fnc_init.sqf"
2023-03-22T22:09:19.238770Z TRACE ThreadId(04) adding file "functions\\fnc_fullHealLocal.sqf"
2023-03-22T22:09:19.238871Z TRACE ThreadId(21) adding file "functions\\fnc_fluidLocal.sqf"
2023-03-22T22:09:19.238978Z TRACE ThreadId(06) adding file "functions\\fnc_addPassengersActions.sqf"
2023-03-22T22:09:19.239084Z TRACE ThreadId(05) adding file "functions\\fnc_displayGasMaskDur.sqf"
2023-03-22T22:09:19.239186Z TRACE ThreadId(12) adding file "functions\\fnc_drawBlood.sqf"
2023-03-22T22:09:19.239268Z TRACE ThreadId(02) adding file "functions\\fnc_treatmentAdvanced_RecoveryPosition.sqf"
2023-03-22T22:09:19.239374Z TRACE ThreadId(11) adding file "functions\\fnc_npwtTreatmentLocal.sqf"
2023-03-22T22:09:19.239517Z TRACE ThreadId(06) adding file "functions\\fnc_actionLowerBy10.sqf"
2023-03-22T22:09:19.239609Z TRACE ThreadId(12) adding file "functions\\fnc_AEDStart.sqf"
2023-03-22T22:09:19.239705Z TRACE ThreadId(21) adding file "functions\\fnc_treatmentAdvanced_ReorientationLocal.sqf"
2023-03-22T22:09:19.239807Z TRACE ThreadId(05) adding file "functions\\fnc_changeGasMaskFilter.sqf"
2023-03-22T22:09:19.239899Z TRACE ThreadId(02) adding file "functions\\fnc_treatmentAdvanced_AccuvacLocal.sqf"
2023-03-22T22:09:19.239994Z TRACE ThreadId(04) adding file "models\\pulseox\\pulseox_nohq.paa"
2023-03-22T22:09:19.240103Z TRACE ThreadId(11) adding file "functions\\fnc_fractureCheck.sqf"
2023-03-22T22:09:19.240203Z TRACE ThreadId(06) adding file "functions\\fnc_removeIVbag.sqf"
2023-03-22T22:09:19.240283Z TRACE ThreadId(12) adding file "functions\\fnc_cprLocal.sqf"
2023-03-22T22:09:19.240364Z TRACE ThreadId(21) adding file "functions\\fnc_treatmentAdvanced_TXA.sqf"
2023-03-22T22:09:19.240473Z TRACE ThreadId(05) adding file "functions\\fnc_spawnGasSmoke.sqf"
2023-03-22T22:09:19.240579Z TRACE ThreadId(06) adding file "functions\\fnc_heliAddActionDeploy.sqf"
2023-03-22T22:09:19.240682Z TRACE ThreadId(02) adding file "functions\\fnc_treatmentAdvanced_RecoveryPositionLocal.sqf"
2023-03-22T22:09:19.240756Z TRACE ThreadId(11) adding file "functions\\fnc_openReductionCheck.sqf"
2023-03-22T22:09:19.240815Z TRACE ThreadId(04) adding file "models\\pulseox\\pulseox.p3d"
2023-03-22T22:09:19.240898Z TRACE ThreadId(21) adding file "functions\\fnc_fentanylPP.sqf"
2023-03-22T22:09:19.240993Z TRACE ThreadId(12) adding file "functions\\fnc_attachAEDXVehicle.sqf"
2023-03-22T22:09:19.241079Z TRACE ThreadId(05) adding file "functions\\fnc_gasCheck.sqf"
2023-03-22T22:09:19.241150Z TRACE ThreadId(06) adding file "functions\\fnc_conditionIV.sqf"
2023-03-22T22:09:19.241251Z TRACE ThreadId(04) adding file "models\\pulseox\\pulseox.rvmat"
2023-03-22T22:09:19.241351Z TRACE ThreadId(02) adding file "functions\\fnc_checkAirway.sqf"
2023-03-22T22:09:19.241433Z TRACE ThreadId(11) adding file "functions\\fnc_openReductionLocal.sqf"
2023-03-22T22:09:19.241501Z TRACE ThreadId(21) adding file "functions\\fnc_retrieveIV.sqf"
2023-03-22T22:09:19.241577Z TRACE ThreadId(12) adding file "functions\\fnc_AEDSuccess.sqf"
2023-03-22T22:09:19.241647Z TRACE ThreadId(05) adding file "functions\\fnc_canReplaceFilter.sqf"
2023-03-22T22:09:19.241708Z TRACE ThreadId(04) adding file "models\\pulseox\\pulseox_co.paa"
2023-03-22T22:09:19.241782Z TRACE ThreadId(06) adding file "functions\\fnc_conditionIVstand.sqf"
2023-03-22T22:09:19.241861Z TRACE ThreadId(02) adding file "functions\\fnc_init.sqf"
2023-03-22T22:09:19.241920Z TRACE ThreadId(11) adding file "functions\\fnc_closedReduction.sqf"
2023-03-22T22:09:19.241988Z TRACE ThreadId(12) adding file "functions\\fnc_compatible.sqf"
2023-03-22T22:09:19.242041Z TRACE ThreadId(21) adding file "functions\\fnc_inspectBreath.sqf"
2023-03-22T22:09:19.242103Z TRACE ThreadId(05) adding file "functions\\fnc_checkGasMaskDur.sqf"
2023-03-22T22:09:19.242175Z TRACE ThreadId(04) adding file "audio\\Clear_Lung_Sounds.ogg"
2023-03-22T22:09:19.242235Z TRACE ThreadId(21) adding file "functions\\fnc_treatmentAdvanced_Dialysis.sqf"
2023-03-22T22:09:19.242304Z TRACE ThreadId(02) adding file "functions\\fnc_treatmentAdvanced_airwayLocal.sqf"
2023-03-22T22:09:19.242382Z TRACE ThreadId(04) adding file "audio\\Tension_sounds.ogg"
2023-03-22T22:09:19.242470Z TRACE ThreadId(12) adding file "functions\\fnc_getDogtagData.sqf"
2023-03-22T22:09:19.242548Z TRACE ThreadId(06) adding file "functions\\fnc_attachStretcher.sqf"
2023-03-22T22:09:19.242617Z TRACE ThreadId(11) adding file "functions\\fnc_debridementCheck.sqf"
2023-03-22T22:09:19.242692Z TRACE ThreadId(05) adding file "functions\\fnc_updateBodyImage.sqf"
2023-03-22T22:09:19.242761Z TRACE ThreadId(21) adding file "functions\\fnc_treatmentAdvanced_EACALocal.sqf"
2023-03-22T22:09:19.242850Z TRACE ThreadId(02) adding file "functions\\fnc_treatmentAdvanced_airway.sqf"
2023-03-22T22:09:19.242930Z TRACE ThreadId(04) adding file "audio\\hemo_sounds.ogg"
2023-03-22T22:09:19.243004Z TRACE ThreadId(12) adding file "functions\\fnc_canDraw.sqf"
2023-03-22T22:09:19.243084Z TRACE ThreadId(06) adding file "img\\downarrow.paa"
2023-03-22T22:09:19.243169Z TRACE ThreadId(11) adding file "functions\\fnc_fractureSelect.sqf"
2023-03-22T22:09:19.243246Z TRACE ThreadId(21) adding file "functions\\fnc_treatmentAdvanced_EACA.sqf"
2023-03-22T22:09:19.243306Z TRACE ThreadId(05) adding file "functions\\fnc_getChemDetectorState.sqf"
2023-03-22T22:09:19.243373Z TRACE ThreadId(04) adding file "audio\\pneumothoraxcough.ogg"
2023-03-22T22:09:19.243457Z TRACE ThreadId(02) adding file "functions\\script_component.hpp"
2023-03-22T22:09:19.243528Z TRACE ThreadId(12) adding file "functions\\fnc_placeAED.sqf"
2023-03-22T22:09:19.243602Z TRACE ThreadId(06) adding file "img\\stretcher.paa"
2023-03-22T22:09:19.243703Z TRACE ThreadId(11) adding file "functions\\script_component.hpp"
2023-03-22T22:09:19.243792Z TRACE ThreadId(21) adding file "functions\\fnc_treatmentAdvanced_Fentanyl.sqf"
2023-03-22T22:09:19.243871Z TRACE ThreadId(05) adding file "functions\\script_component.hpp"
2023-03-22T22:09:19.243953Z TRACE ThreadId(02) adding file "functions\\fnc_updateInjuryList.sqf"
2023-03-22T22:09:19.244055Z TRACE ThreadId(06) adding file "img\\fliparrow.paa"
2023-03-22T22:09:19.244140Z TRACE ThreadId(12) adding file "functions\\fnc_bloodType.sqf"
2023-03-22T22:09:19.244219Z TRACE ThreadId(11) adding file "functions\\fnc_incision.sqf"
2023-03-22T22:09:19.244314Z TRACE ThreadId(05) adding file "functions\\fnc_canPutGasMask.sqf"
2023-03-22T22:09:19.244397Z TRACE ThreadId(21) adding file "functions\\fnc_treatmentAdvanced_FlumazenilLocal.sqf"
2023-03-22T22:09:19.244490Z TRACE ThreadId(02) adding file "functions\\fnc_updateLogList.sqf"
2023-03-22T22:09:19.244592Z TRACE ThreadId(12) adding file "functions\\fnc_updateInternalBleeding.sqf"
2023-03-22T22:09:19.244665Z TRACE ThreadId(06) adding file "img\\uparrow.paa"
2023-03-22T22:09:19.244770Z TRACE ThreadId(11) adding file "functions\\fnc_openReduction.sqf"
2023-03-22T22:09:19.244883Z TRACE ThreadId(21) adding file "functions\\fnc_salineCheck.sqf"
2023-03-22T22:09:19.244993Z TRACE ThreadId(05) adding file "functions\\fnc_GasTripEffect.sqf"
2023-03-22T22:09:19.245075Z TRACE ThreadId(12) adding file "functions\\fnc_AEDProgress.sqf"
2023-03-22T22:09:19.245151Z TRACE ThreadId(02) adding file "models\\accuvac\\accuvac_nohq.paa"
2023-03-22T22:09:19.245240Z TRACE ThreadId(11) adding file "functions\\fnc_debridement.sqf"
2023-03-22T22:09:19.245332Z TRACE ThreadId(21) adding file "functions\\fnc_hasStableVitals.sqf"
2023-03-22T22:09:19.245439Z TRACE ThreadId(12) adding file "functions\\fnc_onCloseDialog.sqf"
2023-03-22T22:09:19.245538Z TRACE ThreadId(05) adding file "functions\\fnc_handleGasMaskDur.sqf"
2023-03-22T22:09:19.245624Z TRACE ThreadId(02) adding file "models\\accuvac\\pouch.paa"
2023-03-22T22:09:19.245702Z TRACE ThreadId(11) adding file "ui\\scalpel.paa"
2023-03-22T22:09:19.245771Z TRACE ThreadId(12) adding file "functions\\fnc_wrongBloodTreatment.sqf"
2023-03-22T22:09:19.245843Z TRACE ThreadId(21) adding file "functions\\fnc_treatmentAdvanced_medication.sqf"
2023-03-22T22:09:19.245935Z TRACE ThreadId(02) adding file "models\\accuvac\\equip_d.rvmat"
2023-03-22T22:09:19.246027Z TRACE ThreadId(05) adding file "functions\\fnc_ui_gasModul.sqf"
2023-03-22T22:09:19.246122Z TRACE ThreadId(11) adding file "ui\\vacuum.paa"
2023-03-22T22:09:19.246233Z TRACE ThreadId(02) adding file "models\\accuvac\\equip_smdi.paa"
2023-03-22T22:09:19.246335Z TRACE ThreadId(12) adding file "functions\\fnc_returnAED_X.sqf"
2023-03-22T22:09:19.246429Z TRACE ThreadId(21) adding file "functions\\fnc_treatmentAdvanced_Painkillers.sqf"
2023-03-22T22:09:19.246528Z TRACE ThreadId(05) adding file "functions\\fnc_AttributeRadius.sqf"
2023-03-22T22:09:19.246624Z TRACE ThreadId(11) adding file "ui\\clamp.paa"
2023-03-22T22:09:19.246727Z TRACE ThreadId(02) adding file "models\\accuvac\\equip_d_nohq.paa"
2023-03-22T22:09:19.246835Z TRACE ThreadId(12) adding file "functions\\fnc_vehicleCheck.sqf"
2023-03-22T22:09:19.246925Z TRACE ThreadId(05) adding file "functions\\fnc_gasmodule.sqf"
2023-03-22T22:09:19.247026Z TRACE ThreadId(21) adding file "functions\\fnc_treatmentAdvanced_PervitinLocal.sqf"
2023-03-22T22:09:19.247090Z TRACE ThreadId(11) adding file "ui\\lidocaine.paa"
2023-03-22T22:09:19.247160Z TRACE ThreadId(02) adding file "models\\accuvac\\accuvac.rvmat"
2023-03-22T22:09:19.247248Z TRACE ThreadId(05) adding file "functions\\fnc_init.sqf"
2023-03-22T22:09:19.247349Z TRACE ThreadId(12) adding file "functions\\fnc_AEDFailure.sqf"
2023-03-22T22:09:19.247447Z TRACE ThreadId(11) adding file "ui\\plate.paa"
2023-03-22T22:09:19.247526Z TRACE ThreadId(21) adding file "functions\\fnc_treatmentAdvanced_CarbonateLocal.sqf"
2023-03-22T22:09:19.247622Z TRACE ThreadId(02) adding file "models\\accuvac\\accuvac_co.paa"
2023-03-22T22:09:19.247708Z TRACE ThreadId(05) adding file "functions\\fnc_spawnSmoke.sqf"
2023-03-22T22:09:19.247820Z TRACE ThreadId(11) adding file "ui\\retractor.paa"
2023-03-22T22:09:19.247924Z TRACE ThreadId(21) adding file "functions\\fnc_treatmentAdvanced_NaloxoneLocal.sqf"
2023-03-22T22:09:19.248016Z TRACE ThreadId(12) adding file "functions\\fnc_AED_sound.sqf"
2023-03-22T22:09:19.248129Z TRACE ThreadId(05) adding file "functions\\fnc_csGrenadeThrownFuze.sqf"
2023-03-22T22:09:19.248208Z TRACE ThreadId(02) adding file "models\\accuvac\\accuvac_ca.paa"
2023-03-22T22:09:19.248283Z TRACE ThreadId(21) adding file "functions\\fnc_treatmentAdvanced_Reorientation.sqf"
2023-03-22T22:09:19.248394Z TRACE ThreadId(12) adding file "functions\\fnc_handleTreatment.sqf"
2023-03-22T22:09:19.248457Z TRACE ThreadId(02) adding file "models\\accuvac\\accuvac.p3d"
2023-03-22T22:09:19.248526Z TRACE ThreadId(05) adding file "functions\\fnc_gasCheckLocal.sqf"
2023-03-22T22:09:19.248605Z TRACE ThreadId(21) adding file "functions\\fnc_getBloodLoss.sqf"
2023-03-22T22:09:19.248679Z TRACE ThreadId(02) adding file "models\\accuvac\\equip_ti_ca.paa"
2023-03-22T22:09:19.248773Z TRACE ThreadId(12) adding file "functions\\fnc_init.sqf"
2023-03-22T22:09:19.248859Z TRACE ThreadId(05) adding file "functions\\fnc_coughing.sqf"
2023-03-22T22:09:19.248952Z TRACE ThreadId(21) adding file "functions\\fnc_treatmentAdvanced_TXALocal.sqf"
2023-03-22T22:09:19.249028Z TRACE ThreadId(02) adding file "models\\larynx_tube\\cktube_nohq.paa"
2023-03-22T22:09:19.249107Z TRACE ThreadId(12) adding file "functions\\fnc_generateBloodType.sqf"
2023-03-22T22:09:19.249173Z TRACE ThreadId(05) adding file "audio\\cough_1.ogg"
2023-03-22T22:09:19.249237Z TRACE ThreadId(21) adding file "functions\\fnc_vehicleCheckDialysis.sqf"
2023-03-22T22:09:19.249337Z TRACE ThreadId(12) adding file "functions\\fnc_attachAEDX.sqf"
2023-03-22T22:09:19.249425Z TRACE ThreadId(02) adding file "models\\larynx_tube\\tube.p3d"
2023-03-22T22:09:19.249489Z TRACE ThreadId(21) adding file "functions\\fnc_treatmentAdvanced_AmiodaroneLocal.sqf"
2023-03-22T22:09:19.249555Z TRACE ThreadId(05) adding file "audio\\chemDetector.ogg"
2023-03-22T22:09:19.249631Z TRACE ThreadId(12) adding file "functions\\fnc_AEDanalyze.sqf"
2023-03-22T22:09:19.249716Z TRACE ThreadId(02) adding file "models\\larynx_tube\\cktube.rvmat"
2023-03-22T22:09:19.249812Z TRACE ThreadId(21) adding file "functions\\fnc_treatmentAdvanced_CaffeineLocal.sqf"
2023-03-22T22:09:19.249880Z TRACE ThreadId(12) adding file "functions\\fnc_groupID.sqf"
2023-03-22T22:09:19.249951Z TRACE ThreadId(05) adding file "audio\\breath2.ogg"
2023-03-22T22:09:19.250035Z TRACE ThreadId(02) adding file "models\\larynx_tube\\cktube_ca.paa"
2023-03-22T22:09:19.250134Z TRACE ThreadId(21) adding file "functions\\fnc_treatmentAdvanced_Flush.sqf"
2023-03-22T22:09:19.250210Z TRACE ThreadId(12) adding file "sounds\\analyse.wav"
2023-03-22T22:09:19.250303Z TRACE ThreadId(02) adding file "models\\larynx_tube\\model.cfg"
2023-03-22T22:09:19.250386Z TRACE ThreadId(05) adding file "audio\\breath1.ogg"
2023-03-22T22:09:19.250450Z TRACE ThreadId(21) adding file "functions\\fnc_treatmentAdvanced_FlushLocal.sqf"
2023-03-22T22:09:19.250530Z TRACE ThreadId(12) adding file "sounds\\noheartrate.wav"
2023-03-22T22:09:19.250685Z TRACE ThreadId(21) adding file "functions\\fnc_ketaminePP.sqf"
2023-03-22T22:09:19.250752Z TRACE ThreadId(05) adding file "audio\\heavyBreath.ogg"
2023-03-22T22:09:19.250819Z TRACE ThreadId(12) adding file "sounds\\license.txt"
2023-03-22T22:09:19.250891Z TRACE ThreadId(02) adding file "models\\guedel\\guedel.p3d"
2023-03-22T22:09:19.251005Z TRACE ThreadId(21) adding file "functions\\fnc_treatmentAdvanced_medicationLocal.sqf"
2023-03-22T22:09:19.251184Z TRACE ThreadId(12) adding file "sounds\\standclear.wav"
2023-03-22T22:09:19.251267Z TRACE ThreadId(02) adding file "models\\guedel\\guedel_nohq.paa"
2023-03-22T22:09:19.251349Z TRACE ThreadId(21) adding file "functions\\fnc_treatmentAdvanced_DialysisLocal.sqf"
2023-03-22T22:09:19.251427Z TRACE ThreadId(12) adding file "sounds\\checkpulse.wav"
2023-03-22T22:09:19.251539Z TRACE ThreadId(02) adding file "models\\guedel\\guedel.rvmat"
2023-03-22T22:09:19.251630Z TRACE ThreadId(05) adding file "data\\body_image\\torso_i.paa"
2023-03-22T22:09:19.251707Z TRACE ThreadId(21) adding file "functions\\fnc_treatmentAdvanced_Flumazenil.sqf"
2023-03-22T22:09:19.251792Z TRACE ThreadId(12) adding file "sounds\\bump.wav"
2023-03-22T22:09:19.251880Z TRACE ThreadId(02) adding file "models\\guedel\\model.cfg"
2023-03-22T22:09:19.252059Z TRACE ThreadId(12) adding file "sounds\\powerup.wav"
2023-03-22T22:09:19.252135Z TRACE ThreadId(21) adding file "functions\\fnc_treatmentAdvanced_Caffeine.sqf"
2023-03-22T22:09:19.252213Z TRACE ThreadId(02) adding file "models\\guedel\\guedel.paa"
2023-03-22T22:09:19.252302Z TRACE ThreadId(05) adding file "ui\\m7a3_throw.p3d"
2023-03-22T22:09:19.252370Z TRACE ThreadId(12) adding file "sounds\\shock.wav"
2023-03-22T22:09:19.252462Z TRACE ThreadId(21) adding file "functions\\fnc_checkIV.sqf"
2023-03-22T22:09:19.252579Z TRACE ThreadId(12) adding file "sounds\\heartrate.wav"
2023-03-22T22:09:19.252706Z TRACE ThreadId(05) adding file "ui\\ChemDetectorIcon.paa"
2023-03-22T22:09:19.252798Z TRACE ThreadId(21) adding file "functions\\fnc_treatmentAdvanced_Atropine.sqf"
2023-03-22T22:09:19.252906Z TRACE ThreadId(12) adding file "sounds\\noshock.wav"
2023-03-22T22:09:19.252992Z TRACE ThreadId(05) adding file "ui\\m7a3.p3d"
2023-03-22T22:09:19.253149Z TRACE ThreadId(21) adding file "functions\\fnc_removeItemfromMag.sqf"
2023-03-22T22:09:19.253215Z TRACE ThreadId(12) adding file "sounds\\bump.license.txt"
2023-03-22T22:09:19.253297Z TRACE ThreadId(05) adding file "ui\\KAT_m7a3_ca.paa"
2023-03-22T22:09:19.253660Z TRACE ThreadId(12) adding file "models\\aedx\\tex3_ti_ca.paa"
2023-03-22T22:09:19.253769Z TRACE ThreadId(05) adding file "ui\\RscAttributes.hpp"
2023-03-22T22:09:19.253867Z TRACE ThreadId(21) adding file "sounds\\slap.ogg"
2023-03-22T22:09:19.253974Z TRACE ThreadId(12) adding file "models\\aedx\\aedx.p3d"
2023-03-22T22:09:19.254148Z TRACE ThreadId(05) adding file "ui\\Gasmask_icon.paa"
2023-03-22T22:09:19.254253Z TRACE ThreadId(12) adding file "models\\aedx\\aedx.tga"
2023-03-22T22:09:19.254359Z TRACE ThreadId(05) adding file "ui\\Sealant.paa"
2023-03-22T22:09:19.254461Z TRACE ThreadId(21) adding file "sounds\\take_painkillers.wav"
2023-03-22T22:09:19.254625Z TRACE ThreadId(12) adding file "models\\aedx\\aedx_nohq.paa"
2023-03-22T22:09:19.254733Z TRACE ThreadId(05) adding file "ui\\gasmaskfilter_ca.paa"
2023-03-22T22:09:19.255061Z TRACE ThreadId(12) adding file "models\\aedx\\tex3_as.paa"
2023-03-22T22:09:19.255175Z TRACE ThreadId(05) adding file "ui\\KAT_m7a3_model.paa"
2023-03-22T22:09:19.255276Z TRACE ThreadId(21) adding file "ui\\crosspanel.paa"
2023-03-22T22:09:19.255364Z TRACE ThreadId(12) adding file "models\\aedx\\tex3_3.paa"
2023-03-22T22:09:19.255496Z TRACE ThreadId(05) adding file "ui\\antidote_ca.paa"
2023-03-22T22:09:19.255597Z TRACE ThreadId(21) adding file "ui\\icon_fast_io.paa"
2023-03-22T22:09:19.255695Z TRACE ThreadId(12) adding file "models\\aedx\\aedx.paa"
2023-03-22T22:09:19.255858Z TRACE ThreadId(21) adding file "ui\\icon_Lidocaine.paa"
2023-03-22T22:09:19.255957Z TRACE ThreadId(12) adding file "models\\aedx\\tex3.rvmat"
2023-03-22T22:09:19.256142Z TRACE ThreadId(12) adding file "models\\aedx\\tex3_nohq.paa"
2023-03-22T22:09:19.256214Z TRACE ThreadId(21) adding file "ui\\icon_TXA.paa"
2023-03-22T22:09:19.256311Z TRACE ThreadId(12) adding file "models\\aedx\\tex3_smdi.paa"
2023-03-22T22:09:19.256436Z TRACE ThreadId(21) adding file "ui\\icon_Amiodarone.paa"
2023-03-22T22:09:19.256542Z TRACE ThreadId(12) adding file "models\\aedx\\aedx.rvmat"
2023-03-22T22:09:19.256627Z TRACE ThreadId(21) adding file "ui\\icon_etomidate.paa"
2023-03-22T22:09:19.256810Z TRACE ThreadId(12) adding file "models\\aedx\\model.cfg"
2023-03-22T22:09:19.256892Z TRACE ThreadId(21) adding file "ui\\icon_Pervitin.paa"
2023-03-22T22:09:19.257091Z TRACE ThreadId(21) adding file "ui\\nitro.paa"
2023-03-22T22:09:19.257304Z TRACE ThreadId(21) adding file "ui\\CrossPanel_Dialog.hpp"
2023-03-22T22:09:19.257649Z TRACE ThreadId(21) adding file "ui\\defib.paa"
2023-03-22T22:09:19.257876Z TRACE ThreadId(21) adding file "ui\\icon_Ondansetron.paa"
2023-03-22T22:09:19.258121Z TRACE ThreadId(21) adding file "ui\\icon_painkillers.paa"
2023-03-22T22:09:19.258464Z TRACE ThreadId(21) adding file "ui\\icon_painkillers_action.paa"
2023-03-22T22:09:19.258694Z TRACE ThreadId(21) adding file "ui\\icon_Fentanyl.paa"
2023-03-22T22:09:19.259021Z TRACE ThreadId(21) adding file "ui\\icon_Nalbuphine.paa"
2023-03-22T22:09:19.259228Z TRACE ThreadId(21) adding file "ui\\coolBattery.paa"
2023-03-22T22:09:19.259419Z TRACE ThreadId(21) adding file "ui\\icon_flumazenil.paa"
2023-03-22T22:09:19.259760Z TRACE ThreadId(21) adding file "ui\\icon_IV_16.paa"
2023-03-22T22:09:19.260126Z TRACE ThreadId(21) adding file "ui\\icon_Atropine.paa"
2023-03-22T22:09:19.260369Z TRACE ThreadId(21) adding file "ui\\icon_Carbonate.paa"
2023-03-22T22:09:19.260710Z TRACE ThreadId(21) adding file "ui\\x-series.paa"
2023-03-22T22:09:19.261043Z TRACE ThreadId(21) adding file "ui\\phen.paa"
2023-03-22T22:09:19.261285Z TRACE ThreadId(21) adding file "ui\\icon_Caffeine.paa"
2023-03-22T22:09:19.261584Z TRACE ThreadId(21) adding file "ui\\icon_Naloxone.paa"
2023-03-22T22:09:19.261795Z TRACE ThreadId(21) adding file "ui\\icon_lorazepam.paa"
2023-03-22T22:09:19.262086Z TRACE ThreadId(21) adding file "ui\\icon_IV_20.paa"
2023-03-22T22:09:19.262391Z TRACE ThreadId(21) adding file "ui\\X_Series-Device_W.paa"
2023-03-22T22:09:19.262728Z TRACE ThreadId(21) adding file "ui\\icon_Ketamine.paa"
2023-03-22T22:09:19.263067Z TRACE ThreadId(21) adding file "ui\\norep.paa"
2023-03-22T22:09:19.263607Z TRACE ThreadId(21) adding file "models\\caffeine\\caffeine_textur.paa"
2023-03-22T22:09:19.263859Z TRACE ThreadId(21) adding file "models\\caffeine\\caffeine.p3d"
2023-03-22T22:09:19.264207Z TRACE ThreadId(21) adding file "models\\pervitin\\pervitin.p3d"
2023-03-22T22:09:19.264497Z TRACE ThreadId(21) adding file "models\\pervitin\\pervitin_text.paa"
2023-03-22T22:09:19.299002Z  INFO ThreadId(01) Built 11 PBOs
2023-03-22T22:09:19.299102Z TRACE ThreadId(01) phase: build (done)
2023-03-22T22:09:19.299169Z TRACE ThreadId(01) phase: post_build (start)
2023-03-22T22:09:19.299243Z TRACE ThreadId(01) phase: post_build (Sign) (start)
2023-03-22T22:09:19.299299Z TRACE ThreadId(01) phase: post_build (Sign) (done)
2023-03-22T22:09:19.299425Z TRACE ThreadId(01) phase: post_build (sqf) (start)
2023-03-22T22:09:19.299492Z TRACE ThreadId(01) phase: post_build (sqf) (done)
2023-03-22T22:09:19.299567Z TRACE ThreadId(01) phase: post_build (Rapifier) (start)
2023-03-22T22:09:19.299637Z TRACE ThreadId(01) phase: post_build (Rapifier) (done)
2023-03-22T22:09:19.299706Z TRACE ThreadId(01) phase: post_build (Binarize) (start)
2023-03-22T22:09:19.299772Z TRACE ThreadId(01) phase: post_build (Binarize) (done)
2023-03-22T22:09:19.299850Z TRACE ThreadId(01) phase: post_build (Hooks) (start)
2023-03-22T22:09:19.301011Z TRACE ThreadId(01) phase: post_build (Hooks) (done)
2023-03-22T22:09:19.301087Z TRACE ThreadId(01) phase: post_build (ArmaScriptCompiler) (start)
2023-03-22T22:09:19.301148Z TRACE ThreadId(01) phase: post_build (ArmaScriptCompiler) (done)
2023-03-22T22:09:19.301220Z TRACE ThreadId(01) phase: post_build (Files) (start)
2023-03-22T22:09:19.302250Z DEBUG ThreadId(01) copying "/KAMLogoHighRes.paa" => "C:\\GitHub\\KAM\\.hemttout\\release\\KAMLogoHighRes.paa"
2023-03-22T22:09:19.303251Z DEBUG ThreadId(01) copying "/mod.cpp" => "C:\\GitHub\\KAM\\.hemttout\\release\\mod.cpp"
2023-03-22T22:09:19.304059Z DEBUG ThreadId(01) copying "/AUTHORS.txt" => "C:\\GitHub\\KAM\\.hemttout\\release\\AUTHORS.txt"
2023-03-22T22:09:19.304844Z DEBUG ThreadId(01) copying "/KAMLogoLowRes.paa" => "C:\\GitHub\\KAM\\.hemttout\\release\\KAMLogoLowRes.paa"
2023-03-22T22:09:19.305896Z DEBUG ThreadId(01) copying "/LICENSE" => "C:\\GitHub\\KAM\\.hemttout\\release\\LICENSE"
2023-03-22T22:09:19.306539Z DEBUG ThreadId(01) copying "/README.md" => "C:\\GitHub\\KAM\\.hemttout\\release\\README.md"
2023-03-22T22:09:19.444878Z  INFO ThreadId(01) Copied 6 files
2023-03-22T22:09:19.445074Z TRACE ThreadId(01) phase: post_build (Files) (done)
2023-03-22T22:09:19.445231Z TRACE ThreadId(01) phase: post_build (done)
2023-03-22T22:09:19.445331Z TRACE ThreadId(01) phase: pre_release (start)
2023-03-22T22:09:19.445433Z TRACE ThreadId(01) phase: pre_release (Sign) (start)
2023-03-22T22:09:19.469394Z DEBUG ThreadId(01) signing "C:\\GitHub\\KAM\\.hemttout\\release\\addons\\kat_airway.pbo.kat_2.0.8.0.bisign"
2023-03-22T22:09:19.486863Z DEBUG ThreadId(01) signing "C:\\GitHub\\KAM\\.hemttout\\release\\addons\\kat_breathing.pbo.kat_2.0.8.0.bisign"
2023-03-22T22:09:19.492993Z DEBUG ThreadId(01) signing "C:\\GitHub\\KAM\\.hemttout\\release\\addons\\kat_chemical.pbo.kat_2.0.8.0.bisign"
2023-03-22T22:09:19.503137Z DEBUG ThreadId(01) signing "C:\\GitHub\\KAM\\.hemttout\\release\\addons\\kat_circulation.pbo.kat_2.0.8.0.bisign"
2023-03-22T22:09:19.525490Z DEBUG ThreadId(01) signing "C:\\GitHub\\KAM\\.hemttout\\release\\addons\\kat_gui.pbo.kat_2.0.8.0.bisign"
2023-03-22T22:09:19.527686Z DEBUG ThreadId(01) signing "C:\\GitHub\\KAM\\.hemttout\\release\\addons\\kat_main.pbo.kat_2.0.8.0.bisign"
2023-03-22T22:09:19.530762Z DEBUG ThreadId(01) signing "C:\\GitHub\\KAM\\.hemttout\\release\\addons\\kat_misc.pbo.kat_2.0.8.0.bisign"
2023-03-22T22:09:19.538434Z DEBUG ThreadId(01) signing "C:\\GitHub\\KAM\\.hemttout\\release\\addons\\kat_pharma.pbo.kat_2.0.8.0.bisign"
2023-03-22T22:09:19.551419Z DEBUG ThreadId(01) signing "C:\\GitHub\\KAM\\.hemttout\\release\\addons\\kat_surgery.pbo.kat_2.0.8.0.bisign"
2023-03-22T22:09:19.558928Z DEBUG ThreadId(01) signing "C:\\GitHub\\KAM\\.hemttout\\release\\addons\\kat_zeus.pbo.kat_2.0.8.0.bisign"
2023-03-22T22:09:19.580852Z DEBUG ThreadId(01) signing "C:\\GitHub\\KAM\\.hemttout\\release\\optionals\\@kat_usaf\\addons\\kat_usaf.pbo.kat_2.0.8.0_kat_usaf.bisign"
2023-03-22T22:09:19.582678Z TRACE ThreadId(01) phase: pre_release (Sign) (done)
2023-03-22T22:09:19.582762Z TRACE ThreadId(01) phase: pre_release (sqf) (start)
2023-03-22T22:09:19.582821Z TRACE ThreadId(01) phase: pre_release (sqf) (done)
2023-03-22T22:09:19.582888Z TRACE ThreadId(01) phase: pre_release (Rapifier) (start)
2023-03-22T22:09:19.582972Z TRACE ThreadId(01) phase: pre_release (Rapifier) (done)
2023-03-22T22:09:19.583055Z TRACE ThreadId(01) phase: pre_release (Binarize) (start)
2023-03-22T22:09:19.583127Z TRACE ThreadId(01) phase: pre_release (Binarize) (done)
2023-03-22T22:09:19.583201Z TRACE ThreadId(01) phase: pre_release (Hooks) (start)
2023-03-22T22:09:19.583600Z TRACE ThreadId(01) phase: pre_release (Hooks) (done)
2023-03-22T22:09:19.583669Z TRACE ThreadId(01) phase: pre_release (ArmaScriptCompiler) (start)
2023-03-22T22:09:19.583740Z TRACE ThreadId(01) phase: pre_release (ArmaScriptCompiler) (done)
2023-03-22T22:09:19.583809Z TRACE ThreadId(01) phase: pre_release (Files) (start)
2023-03-22T22:09:19.583869Z TRACE ThreadId(01) phase: pre_release (Files) (done)
2023-03-22T22:09:19.583948Z TRACE ThreadId(01) phase: pre_release (done)
2023-03-22T22:09:19.584015Z TRACE ThreadId(01) phase: release (start)
2023-03-22T22:09:19.584085Z TRACE ThreadId(01) using releases folder: "C:\\GitHub\\KAM\\releases"
2023-03-22T22:09:19.584348Z DEBUG ThreadId(01) creating release at "C:\\GitHub\\KAM\\releases\\kat-latest.zip"
2023-03-22T22:09:19.585988Z DEBUG ThreadId(01) zip: creating directory "@kat/addons"
2023-03-22T22:09:19.586366Z DEBUG ThreadId(01) zip: adding file "@kat/addons/kat_airway.pbo"
2023-03-22T22:09:19.972306Z DEBUG ThreadId(01) zip: adding file "@kat/addons/kat_airway.pbo.kat_2.0.8.0.bisign"
2023-03-22T22:09:19.972805Z DEBUG ThreadId(01) zip: adding file "@kat/addons/kat_breathing.pbo"
2023-03-22T22:09:20.019327Z DEBUG ThreadId(01) zip: adding file "@kat/addons/kat_breathing.pbo.kat_2.0.8.0.bisign"
2023-03-22T22:09:20.019764Z DEBUG ThreadId(01) zip: adding file "@kat/addons/kat_chemical.pbo"
2023-03-22T22:09:20.158829Z DEBUG ThreadId(01) zip: adding file "@kat/addons/kat_chemical.pbo.kat_2.0.8.0.bisign"
2023-03-22T22:09:20.159364Z DEBUG ThreadId(01) zip: adding file "@kat/addons/kat_circulation.pbo"
2023-03-22T22:09:20.965877Z DEBUG ThreadId(01) zip: adding file "@kat/addons/kat_circulation.pbo.kat_2.0.8.0.bisign"
2023-03-22T22:09:20.966428Z DEBUG ThreadId(01) zip: adding file "@kat/addons/kat_gui.pbo"
2023-03-22T22:09:20.967975Z DEBUG ThreadId(01) zip: adding file "@kat/addons/kat_gui.pbo.kat_2.0.8.0.bisign"
2023-03-22T22:09:20.968291Z DEBUG ThreadId(01) zip: adding file "@kat/addons/kat_main.pbo"
2023-03-22T22:09:20.968635Z DEBUG ThreadId(01) zip: adding file "@kat/addons/kat_main.pbo.kat_2.0.8.0.bisign"
2023-03-22T22:09:20.968955Z DEBUG ThreadId(01) zip: adding file "@kat/addons/kat_misc.pbo"
2023-03-22T22:09:21.018489Z DEBUG ThreadId(01) zip: adding file "@kat/addons/kat_misc.pbo.kat_2.0.8.0.bisign"
2023-03-22T22:09:21.018909Z DEBUG ThreadId(01) zip: adding file "@kat/addons/kat_pharma.pbo"
2023-03-22T22:09:21.181418Z DEBUG ThreadId(01) zip: adding file "@kat/addons/kat_pharma.pbo.kat_2.0.8.0.bisign"
2023-03-22T22:09:21.181871Z DEBUG ThreadId(01) zip: adding file "@kat/addons/kat_surgery.pbo"
2023-03-22T22:09:21.357230Z DEBUG ThreadId(01) zip: adding file "@kat/addons/kat_surgery.pbo.kat_2.0.8.0.bisign"
2023-03-22T22:09:21.357742Z DEBUG ThreadId(01) zip: adding file "@kat/addons/kat_zeus.pbo"
2023-03-22T22:09:21.358567Z DEBUG ThreadId(01) zip: adding file "@kat/addons/kat_zeus.pbo.kat_2.0.8.0.bisign"
2023-03-22T22:09:21.358917Z DEBUG ThreadId(01) zip: adding file "@kat/AUTHORS.txt"
2023-03-22T22:09:21.359174Z DEBUG ThreadId(01) zip: adding file "@kat/KAMLogoHighRes.paa"
2023-03-22T22:09:21.362648Z DEBUG ThreadId(01) zip: adding file "@kat/KAMLogoLowRes.paa"
2023-03-22T22:09:21.367854Z DEBUG ThreadId(01) zip: creating directory "@kat/keys"
2023-03-22T22:09:21.368199Z DEBUG ThreadId(01) zip: adding file "@kat/keys/kat_2.0.8.0.bikey"
2023-03-22T22:09:21.368449Z DEBUG ThreadId(01) zip: adding file "@kat/LICENSE"
2023-03-22T22:09:21.370457Z DEBUG ThreadId(01) zip: adding file "@kat/mod.cpp"
2023-03-22T22:09:21.370905Z DEBUG ThreadId(01) zip: creating directory "@kat/optionals"
2023-03-22T22:09:21.371135Z DEBUG ThreadId(01) zip: creating directory "@kat/optionals/@kat_usaf"
2023-03-22T22:09:21.371510Z DEBUG ThreadId(01) zip: creating directory "@kat/optionals/@kat_usaf/addons"
2023-03-22T22:09:21.371756Z DEBUG ThreadId(01) zip: adding file "@kat/optionals/@kat_usaf/addons/kat_usaf.pbo"
2023-03-22T22:09:21.372155Z DEBUG ThreadId(01) zip: adding file "@kat/optionals/@kat_usaf/addons/kat_usaf.pbo.kat_2.0.8.0_kat_usaf.bisign"
2023-03-22T22:09:21.372704Z DEBUG ThreadId(01) zip: creating directory "@kat/optionals/@kat_usaf/keys"
2023-03-22T22:09:21.372974Z DEBUG ThreadId(01) zip: adding file "@kat/optionals/@kat_usaf/keys/kat_2.0.8.0_kat_usaf.bikey"
2023-03-22T22:09:21.373204Z DEBUG ThreadId(01) zip: adding file "@kat/README.md"
2023-03-22T22:09:21.374409Z  INFO ThreadId(01) Created release: C:\GitHub\KAM\releases\kat-latest.zip
2023-03-22T22:09:21.374494Z  INFO ThreadId(01) Created release: C:\GitHub\KAM\releases\kat-2.0.8.0.zip
2023-03-22T22:09:21.405815Z TRACE ThreadId(01) phase: release (done)
2023-03-22T22:09:21.405966Z TRACE ThreadId(01) phase: post_release (start)
2023-03-22T22:09:21.406046Z TRACE ThreadId(01) phase: post_release (Sign) (start)
2023-03-22T22:09:21.406117Z TRACE ThreadId(01) phase: post_release (Sign) (done)
2023-03-22T22:09:21.406202Z TRACE ThreadId(01) phase: post_release (sqf) (start)
2023-03-22T22:09:21.406350Z TRACE ThreadId(01) phase: post_release (sqf) (done)
2023-03-22T22:09:21.406440Z TRACE ThreadId(01) phase: post_release (Rapifier) (start)
2023-03-22T22:09:21.406565Z TRACE ThreadId(01) phase: post_release (Rapifier) (done)
2023-03-22T22:09:21.406716Z TRACE ThreadId(01) phase: post_release (Binarize) (start)
2023-03-22T22:09:21.406780Z TRACE ThreadId(01) phase: post_release (Binarize) (done)
2023-03-22T22:09:21.406906Z TRACE ThreadId(01) phase: post_release (Hooks) (start)
2023-03-22T22:09:21.407347Z TRACE ThreadId(01) phase: post_release (Hooks) (done)
2023-03-22T22:09:21.407421Z TRACE ThreadId(01) phase: post_release (ArmaScriptCompiler) (start)
2023-03-22T22:09:21.407498Z TRACE ThreadId(01) phase: post_release (ArmaScriptCompiler) (done)
2023-03-22T22:09:21.407576Z TRACE ThreadId(01) phase: post_release (Files) (start)
2023-03-22T22:09:21.407660Z TRACE ThreadId(01) phase: post_release (Files) (done)
2023-03-22T22:09:21.407738Z TRACE ThreadId(01) phase: post_release (done)
